{"meta": {"format": 3, "version": "7.15.2", "timestamp": "2026-07-20T00:20:08.885352", "branch_coverage": false, "show_contexts": false}, "files": {"acme_api/__init__.py": {"executed_lines": [], "summary": {"covered_lines": 0, "num_statements": 0, "percent_covered": 100.0, "percent_covered_display": "100", "missing_lines": 0, "excluded_lines": 0, "percent_statements_covered": 100.0, "percent_statements_covered_display": "100"}, "missing_lines": [], "excluded_lines": [], "functions": {"": {"executed_lines": [], "summary": {"covered_lines": 0, "num_statements": 0, "percent_covered": 100.0, "percent_covered_display": "100", "missing_lines": 0, "excluded_lines": 0, "percent_statements_covered": 100.0, "percent_statements_covered_display": "100"}, "missing_lines": [], "excluded_lines": [], "start_line": 1}}, "classes": {"": {"executed_lines": [], "summary": {"covered_lines": 0, "num_statements": 0, "percent_covered": 100.0, "percent_covered_display": "100", "missing_lines": 0, "excluded_lines": 0, "percent_statements_covered": 100.0, "percent_statements_covered_display": "100"}, "missing_lines": [], "excluded_lines": [], "start_line": 1}}}, "acme_api/auth/__init__.py": {"executed_lines": [3], "summary": {"covered_lines": 1, "num_statements": 1, "percent_covered": 100.0, "percent_covered_display": "100", "missing_lines": 0, "excluded_lines": 0, "percent_statements_covered": 100.0, "percent_statements_covered_display": "100"}, "missing_lines": [], "excluded_lines": [], "functions": {"": {"executed_lines": [3], "summary": {"covered_lines": 1, "num_statements": 1, "percent_covered": 100.0, "percent_covered_display": "100", "missing_lines": 0, "excluded_lines": 0, "percent_statements_covered": 100.0, "percent_statements_covered_display": "100"}, "missing_lines": [], "excluded_lines": [], "start_line": 1}}, "classes": {"": {"executed_lines": [3], "summary": {"covered_lines": 1, "num_statements": 1, "percent_covered": 100.0, "percent_covered_display": "100", "missing_lines": 0, "excluded_lines": 0, "percent_statements_covered": 100.0, "percent_statements_covered_display": "100"}, "missing_lines": [], "excluded_lines": [], "start_line": 1}}}, "acme_api/auth/bootstrap.py": {"executed_lines": [3, 5, 6, 8, 9, 10, 13, 26, 28, 29, 30, 32, 33, 34, 35, 39, 44, 45, 46, 47, 48, 50, 51, 58, 59, 61, 62, 64, 67], "summary": {"covered_lines": 29, "num_statements": 30, "percent_covered": 96.66666666666667, "percent_covered_display": "97", "missing_lines": 1, "excluded_lines": 0, "percent_statements_covered": 96.66666666666667, "percent_statements_covered_display": "97"}, "missing_lines": [31], "excluded_lines": [], "functions": {"seed_initial_keys": {"executed_lines": [26, 28, 29, 30, 32, 33, 34, 35, 39, 44, 45, 46, 47, 48, 50, 51, 58, 59, 61, 62, 64], "summary": {"covered_lines": 21, "num_statements": 22, "percent_covered": 95.45454545454545, "percent_covered_display": "95", "missing_lines": 1, "excluded_lines": 0, "percent_statements_covered": 95.45454545454545, "percent_statements_covered_display": "95"}, "missing_lines": [31], "excluded_lines": [], "start_line": 13}, "": {"executed_lines": [3, 5, 6, 8, 9, 10, 13, 67], "summary": {"covered_lines": 8, "num_statements": 8, "percent_covered": 100.0, "percent_covered_display": "100", "missing_lines": 0, "excluded_lines": 0, "percent_statements_covered": 100.0, "percent_statements_covered_display": "100"}, "missing_lines": [], "excluded_lines": [], "start_line": 1}}, "classes": {"": {"executed_lines": [3, 5, 6, 8, 9, 10, 13, 26, 28, 29, 30, 32, 33, 34, 35, 39, 44, 45, 46, 47, 48, 50, 51, 58, 59, 61, 62, 64, 67], "summary": {"covered_lines": 29, "num_statements": 30, "percent_covered": 96.66666666666667, "percent_covered_display": "97", "missing_lines": 1, "excluded_lines": 0, "percent_statements_covered": 96.66666666666667, "percent_statements_covered_display": "97"}, "missing_lines": [31], "excluded_lines": [], "start_line": 1}}}, "acme_api/auth/hash.py": {"executed_lines": [3, 5, 6, 7, 8, 9, 11, 13, 15, 18, 25, 27, 30, 46, 47, 48, 51, 61, 63, 64, 69, 70, 80, 81, 82, 83, 86, 89, 90, 91, 94, 101], "summary": {"covered_lines": 32, "num_statements": 36, "percent_covered": 88.88888888888889, "percent_covered_display": "89", "missing_lines": 4, "excluded_lines": 2, "percent_statements_covered": 88.88888888888889, "percent_statements_covered_display": "89"}, "missing_lines": [26, 62, 102, 103], "excluded_lines": [65, 66], "functions": {"api_key_lookup_hash": {"executed_lines": [25, 27], "summary": {"covered_lines": 2, "num_statements": 3, "percent_covered": 66.66666666666667, "percent_covered_display": "67", "missing_lines": 1, "excluded_lines": 0, "percent_statements_covered": 66.66666666666667, "percent_statements_covered_display": "67"}, "missing_lines": [26], "excluded_lines": [], "start_line": 18}, "hash_api_key": {"executed_lines": [46, 47, 48], "summary": {"covered_lines": 3, "num_statements": 3, "percent_covered": 100.0, "percent_covered_display": "100", "missing_lines": 0, "excluded_lines": 0, "percent_statements_covered": 100.0, "percent_statements_covered_display": "100"}, "missing_lines": [], "excluded_lines": [], "start_line": 30}, "verify_api_key": {"executed_lines": [61, 63, 64], "summary": {"covered_lines": 3, "num_statements": 4, "percent_covered": 75.0, "percent_covered_display": "75", "missing_lines": 1, "excluded_lines": 2, "percent_statements_covered": 75.0, "percent_statements_covered_display": "75"}, "missing_lines": [62], "excluded_lines": [65, 66], "start_line": 51}, "AuthenticationError.__init__": {"executed_lines": [90, 91], "summary": {"covered_lines": 2, "num_statements": 2, "percent_covered": 100.0, "percent_covered_display": "100", "missing_lines": 0, "excluded_lines": 0, "percent_statements_covered": 100.0, "percent_statements_covered_display": "100"}, "missing_lines": [], "excluded_lines": [], "start_line": 89}, "ForbiddenError.__init__": {"executed_lines": [], "summary": {"covered_lines": 0, "num_statements": 2, "percent_covered": 0.0, "percent_covered_display": "0", "missing_lines": 2, "excluded_lines": 0, "percent_statements_covered": 0.0, "percent_statements_covered_display": "0"}, "missing_lines": [102, 103], "excluded_lines": [], "start_line": 101}, "": {"executed_lines": [3, 5, 6, 7, 8, 9, 11, 13, 15, 18, 30, 51, 69, 70, 80, 81, 82, 83, 86, 89, 94, 101], "summary": {"covered_lines": 22, "num_statements": 22, "percent_covered": 100.0, "percent_covered_display": "100", "missing_lines": 0, "excluded_lines": 0, "percent_statements_covered": 100.0, "percent_statements_covered_display": "100"}, "missing_lines": [], "excluded_lines": [], "start_line": 1}}, "classes": {"AuthenticatedUser": {"executed_lines": [], "summary": {"covered_lines": 0, "num_statements": 0, "percent_covered": 100.0, "percent_covered_display": "100", "missing_lines": 0, "excluded_lines": 0, "percent_statements_covered": 100.0, "percent_statements_covered_display": "100"}, "missing_lines": [], "excluded_lines": [], "start_line": 70}, "AuthenticationError": {"executed_lines": [90, 91], "summary": {"covered_lines": 2, "num_statements": 2, "percent_covered": 100.0, "percent_covered_display": "100", "missing_lines": 0, "excluded_lines": 0, "percent_statements_covered": 100.0, "percent_statements_covered_display": "100"}, "missing_lines": [], "excluded_lines": [], "start_line": 86}, "ForbiddenError": {"executed_lines": [], "summary": {"covered_lines": 0, "num_statements": 2, "percent_covered": 0.0, "percent_covered_display": "0", "missing_lines": 2, "excluded_lines": 0, "percent_statements_covered": 0.0, "percent_statements_covered_display": "0"}, "missing_lines": [102, 103], "excluded_lines": [], "start_line": 94}, "": {"executed_lines": [3, 5, 6, 7, 8, 9, 11, 13, 15, 18, 25, 27, 30, 46, 47, 48, 51, 61, 63, 64, 69, 70, 80, 81, 82, 83, 86, 89, 94, 101], "summary": {"covered_lines": 30, "num_statements": 32, "percent_covered": 93.75, "percent_covered_display": "94", "missing_lines": 2, "excluded_lines": 2, "percent_statements_covered": 93.75, "percent_statements_covered_display": "94"}, "missing_lines": [26, 62], "excluded_lines": [65, 66], "start_line": 1}}}, "acme_api/auth/rbac.py": {"executed_lines": [3, 5, 7, 8, 9, 11, 12, 13, 16, 27, 29, 30, 31, 32, 36, 39, 41, 44, 58, 59, 60, 66, 67, 74, 75, 79, 80, 81, 83, 90, 91, 92, 94, 100, 108], "summary": {"covered_lines": 35, "num_statements": 43, "percent_covered": 81.3953488372093, "percent_covered_display": "81", "missing_lines": 8, "excluded_lines": 0, "percent_statements_covered": 81.3953488372093, "percent_statements_covered_display": "81"}, "missing_lines": [18, 19, 20, 24, 68, 84, 93, 95], "excluded_lines": [], "functions": {"require_admin": {"executed_lines": [], "summary": {"covered_lines": 0, "num_statements": 4, "percent_covered": 0.0, "percent_covered_display": "0", "missing_lines": 4, "excluded_lines": 0, "percent_statements_covered": 0.0, "percent_statements_covered_display": "0"}, "missing_lines": [18, 19, 20, 24], "excluded_lines": [], "start_line": 16}, "require_operator": {"executed_lines": [29, 30, 31, 32, 36], "summary": {"covered_lines": 5, "num_statements": 5, "percent_covered": 100.0, "percent_covered_display": "100", "missing_lines": 0, "excluded_lines": 0, "percent_statements_covered": 100.0, "percent_statements_covered_display": "100"}, "missing_lines": [], "excluded_lines": [], "start_line": 27}, "require_readonly": {"executed_lines": [41], "summary": {"covered_lines": 1, "num_statements": 1, "percent_covered": 100.0, "percent_covered_display": "100", "missing_lines": 0, "excluded_lines": 0, "percent_statements_covered": 100.0, "percent_statements_covered_display": "100"}, "missing_lines": [], "excluded_lines": [], "start_line": 39}, "_authenticate": {"executed_lines": [58, 59, 60, 66, 67, 74, 75, 79, 80, 81, 83, 90, 91, 92, 94, 100], "summary": {"covered_lines": 16, "num_statements": 20, "percent_covered": 80.0, "percent_covered_display": "80", "missing_lines": 4, "excluded_lines": 0, "percent_statements_covered": 80.0, "percent_statements_covered_display": "80"}, "missing_lines": [68, 84, 93, 95], "excluded_lines": [], "start_line": 44}, "": {"executed_lines": [3, 5, 7, 8, 9, 11, 12, 13, 16, 27, 39, 44, 108], "summary": {"covered_lines": 13, "num_statements": 13, "percent_covered": 100.0, "percent_covered_display": "100", "missing_lines": 0, "excluded_lines": 0, "percent_statements_covered": 100.0, "percent_statements_covered_display": "100"}, "missing_lines": [], "excluded_lines": [], "start_line": 1}}, "classes": {"": {"executed_lines": [3, 5, 7, 8, 9, 11, 12, 13, 16, 27, 29, 30, 31, 32, 36, 39, 41, 44, 58, 59, 60, 66, 67, 74, 75, 79, 80, 81, 83, 90, 91, 92, 94, 100, 108], "summary": {"covered_lines": 35, "num_statements": 43, "percent_covered": 81.3953488372093, "percent_covered_display": "81", "missing_lines": 8, "excluded_lines": 0, "percent_statements_covered": 81.3953488372093, "percent_statements_covered_display": "81"}, "missing_lines": [18, 19, 20, 24, 68, 84, 93, 95], "excluded_lines": [], "start_line": 1}}}, "acme_api/backend/__init__.py": {"executed_lines": [3, 4, 5, 6, 7, 9], "summary": {"covered_lines": 6, "num_statements": 6, "percent_covered": 100.0, "percent_covered_display": "100", "missing_lines": 0, "excluded_lines": 0, "percent_statements_covered": 100.0, "percent_statements_covered_display": "100"}, "missing_lines": [], "excluded_lines": [], "functions": {"": {"executed_lines": [3, 4, 5, 6, 7, 9], "summary": {"covered_lines": 6, "num_statements": 6, "percent_covered": 100.0, "percent_covered_display": "100", "missing_lines": 0, "excluded_lines": 0, "percent_statements_covered": 100.0, "percent_statements_covered_display": "100"}, "missing_lines": [], "excluded_lines": [], "start_line": 1}}, "classes": {"": {"executed_lines": [3, 4, 5, 6, 7, 9], "summary": {"covered_lines": 6, "num_statements": 6, "percent_covered": 100.0, "percent_covered_display": "100", "missing_lines": 0, "excluded_lines": 0, "percent_statements_covered": 100.0, "percent_statements_covered_display": "100"}, "missing_lines": [], "excluded_lines": [], "start_line": 1}}}, "acme_api/backend/acmesh_backend.py": {"executed_lines": [3, 5, 6, 7, 8, 9, 10, 11, 12, 13, 15, 20, 21, 22, 24, 26, 27, 42, 43, 46, 47, 48, 49, 50, 53, 61, 62, 65, 67, 68, 70, 72, 85, 87, 88, 91, 93, 100, 101, 102, 104, 105, 107, 114, 115, 117, 121, 126, 136, 138, 139, 143, 149, 157, 160, 161, 163, 170, 175, 176, 177, 178, 179, 180, 181, 182, 183, 184, 185, 187, 190, 192, 193, 199, 204, 207, 208, 209, 211, 213, 214, 220, 231, 243, 245, 246, 251, 254, 255, 279, 284, 285, 286, 287, 288, 289, 292, 298, 299, 302, 303, 304, 305, 307, 308, 309, 310, 311, 312, 313, 314, 315, 316, 321, 322, 323], "summary": {"covered_lines": 116, "num_statements": 132, "percent_covered": 87.87878787878788, "percent_covered_display": "88", "missing_lines": 16, "excluded_lines": 0, "percent_statements_covered": 87.87878787878788, "percent_statements_covered_display": "88"}, "missing_lines": [89, 140, 158, 173, 188, 205, 221, 226, 227, 252, 260, 261, 263, 265, 270, 300], "excluded_lines": [], "functions": {"AcmeShBackend.__init__": {"executed_lines": [62, 65], "summary": {"covered_lines": 2, "num_statements": 2, "percent_covered": 100.0, "percent_covered_display": "100", "missing_lines": 0, "excluded_lines": 0, "percent_statements_covered": 100.0, "percent_statements_covered_display": "100"}, "missing_lines": [], "excluded_lines": [], "start_line": 61}, "AcmeShBackend.binary_path": {"executed_lines": [70], "summary": {"covered_lines": 1, "num_statements": 1, "percent_covered": 100.0, "percent_covered_display": "100", "missing_lines": 0, "excluded_lines": 0, "percent_statements_covered": 100.0, "percent_statements_covered_display": "100"}, "missing_lines": [], "excluded_lines": [], "start_line": 68}, "AcmeShBackend._run": {"executed_lines": [85, 87, 88, 91, 93, 100, 101, 102, 104, 105, 107, 114, 115, 117], "summary": {"covered_lines": 14, "num_statements": 15, "percent_covered": 93.33333333333333, "percent_covered_display": "93", "missing_lines": 1, "excluded_lines": 0, "percent_statements_covered": 93.33333333333333, "percent_statements_covered_display": "93"}, "missing_lines": [89], "excluded_lines": [], "start_line": 72}, "AcmeShBackend.register_account": {"executed_lines": [126, 136, 138, 139, 143], "summary": {"covered_lines": 5, "num_statements": 6, "percent_covered": 83.33333333333333, "percent_covered_display": "83", "missing_lines": 1, "excluded_lines": 0, "percent_statements_covered": 83.33333333333333, "percent_statements_covered_display": "83"}, "missing_lines": [140], "excluded_lines": [], "start_line": 121}, "AcmeShBackend.issue_certificate": {"executed_lines": [157, 160, 161, 163, 170, 175, 176, 177, 178, 179, 180, 181, 182, 183, 184, 185, 187, 190, 192, 193], "summary": {"covered_lines": 20, "num_statements": 23, "percent_covered": 86.95652173913044, "percent_covered_display": "87", "missing_lines": 3, "excluded_lines": 0, "percent_statements_covered": 86.95652173913044, "percent_statements_covered_display": "87"}, "missing_lines": [158, 173, 188], "excluded_lines": [], "start_line": 149}, "AcmeShBackend.renew_certificate": {"executed_lines": [204, 207, 208, 209, 211, 213, 214], "summary": {"covered_lines": 7, "num_statements": 8, "percent_covered": 87.5, "percent_covered_display": "88", "missing_lines": 1, "excluded_lines": 0, "percent_statements_covered": 87.5, "percent_statements_covered_display": "88"}, "missing_lines": [205], "excluded_lines": [], "start_line": 199}, "AcmeShBackend.get_certificate_expiry": {"executed_lines": [], "summary": {"covered_lines": 0, "num_statements": 3, "percent_covered": 0.0, "percent_covered_display": "0", "missing_lines": 3, "excluded_lines": 0, "percent_statements_covered": 0.0, "percent_statements_covered_display": "0"}, "missing_lines": [221, 226, 227], "excluded_lines": [], "start_line": 220}, "AcmeShBackend._classify_exit": {"executed_lines": [243, 245, 246, 251, 254, 255], "summary": {"covered_lines": 6, "num_statements": 12, "percent_covered": 50.0, "percent_covered_display": "50", "missing_lines": 6, "excluded_lines": 0, "percent_statements_covered": 50.0, "percent_statements_covered_display": "50"}, "missing_lines": [252, 260, 261, 263, 265, 270], "excluded_lines": [], "start_line": 231}, "chain_args_for": {"executed_lines": [284, 285, 286, 287, 288, 289], "summary": {"covered_lines": 6, "num_statements": 6, "percent_covered": 100.0, "percent_covered_display": "100", "missing_lines": 0, "excluded_lines": 0, "percent_statements_covered": 100.0, "percent_statements_covered_display": "100"}, "missing_lines": [], "excluded_lines": [], "start_line": 279}, "_load_env_vars": {"executed_lines": [298, 299, 302, 303, 304, 305, 307, 308, 309, 310, 311, 312, 313, 314, 315, 316, 321, 322, 323], "summary": {"covered_lines": 19, "num_statements": 20, "percent_covered": 95.0, "percent_covered_display": "95", "missing_lines": 1, "excluded_lines": 0, "percent_statements_covered": 95.0, "percent_statements_covered_display": "95"}, "missing_lines": [300], "excluded_lines": [], "start_line": 292}, "": {"executed_lines": [3, 5, 6, 7, 8, 9, 10, 11, 12, 13, 15, 20, 21, 22, 24, 26, 27, 42, 43, 46, 47, 48, 49, 50, 53, 61, 67, 68, 72, 121, 149, 199, 220, 231, 279, 292], "summary": {"covered_lines": 36, "num_statements": 36, "percent_covered": 100.0, "percent_covered_display": "100", "missing_lines": 0, "excluded_lines": 0, "percent_statements_covered": 100.0, "percent_statements_covered_display": "100"}, "missing_lines": [], "excluded_lines": [], "start_line": 1}}, "classes": {"_AcmeShBackendConfig": {"executed_lines": [], "summary": {"covered_lines": 0, "num_statements": 0, "percent_covered": 100.0, "percent_covered_display": "100", "missing_lines": 0, "excluded_lines": 0, "percent_statements_covered": 100.0, "percent_statements_covered_display": "100"}, "missing_lines": [], "excluded_lines": [], "start_line": 43}, "AcmeShBackend": {"executed_lines": [62, 65, 70, 85, 87, 88, 91, 93, 100, 101, 102, 104, 105, 107, 114, 115, 117, 126, 136, 138, 139, 143, 157, 160, 161, 163, 170, 175, 176, 177, 178, 179, 180, 181, 182, 183, 184, 185, 187, 190, 192, 193, 204, 207, 208, 209, 211, 213, 214, 243, 245, 246, 251, 254, 255], "summary": {"covered_lines": 55, "num_statements": 70, "percent_covered": 78.57142857142857, "percent_covered_display": "79", "missing_lines": 15, "excluded_lines": 0, "percent_statements_covered": 78.57142857142857, "percent_statements_covered_display": "79"}, "missing_lines": [89, 140, 158, 173, 188, 205, 221, 226, 227, 252, 260, 261, 263, 265, 270], "excluded_lines": [], "start_line": 53}, "": {"executed_lines": [3, 5, 6, 7, 8, 9, 10, 11, 12, 13, 15, 20, 21, 22, 24, 26, 27, 42, 43, 46, 47, 48, 49, 50, 53, 61, 67, 68, 72, 121, 149, 199, 220, 231, 279, 284, 285, 286, 287, 288, 289, 292, 298, 299, 302, 303, 304, 305, 307, 308, 309, 310, 311, 312, 313, 314, 315, 316, 321, 322, 323], "summary": {"covered_lines": 61, "num_statements": 62, "percent_covered": 98.38709677419355, "percent_covered_display": "98", "missing_lines": 1, "excluded_lines": 0, "percent_statements_covered": 98.38709677419355, "percent_statements_covered_display": "98"}, "missing_lines": [300], "excluded_lines": [], "start_line": 1}}}, "acme_api/backend/acmesh_errors.py": {"executed_lines": [7, 10, 18, 21, 22, 23, 26, 29, 30, 31], "summary": {"covered_lines": 10, "num_statements": 10, "percent_covered": 100.0, "percent_covered_display": "100", "missing_lines": 0, "excluded_lines": 0, "percent_statements_covered": 100.0, "percent_statements_covered_display": "100"}, "missing_lines": [], "excluded_lines": [], "functions": {"TerminalAcmeShError.__init__": {"executed_lines": [22, 23], "summary": {"covered_lines": 2, "num_statements": 2, "percent_covered": 100.0, "percent_covered_display": "100", "missing_lines": 0, "excluded_lines": 0, "percent_statements_covered": 100.0, "percent_statements_covered_display": "100"}, "missing_lines": [], "excluded_lines": [], "start_line": 21}, "TransientAcmeShError.__init__": {"executed_lines": [30, 31], "summary": {"covered_lines": 2, "num_statements": 2, "percent_covered": 100.0, "percent_covered_display": "100", "missing_lines": 0, "excluded_lines": 0, "percent_statements_covered": 100.0, "percent_statements_covered_display": "100"}, "missing_lines": [], "excluded_lines": [], "start_line": 29}, "": {"executed_lines": [7, 10, 18, 21, 26, 29], "summary": {"covered_lines": 6, "num_statements": 6, "percent_covered": 100.0, "percent_covered_display": "100", "missing_lines": 0, "excluded_lines": 0, "percent_statements_covered": 100.0, "percent_statements_covered_display": "100"}, "missing_lines": [], "excluded_lines": [], "start_line": 1}}, "classes": {"AcmeShError": {"executed_lines": [], "summary": {"covered_lines": 0, "num_statements": 0, "percent_covered": 100.0, "percent_covered_display": "100", "missing_lines": 0, "excluded_lines": 0, "percent_statements_covered": 100.0, "percent_statements_covered_display": "100"}, "missing_lines": [], "excluded_lines": [], "start_line": 10}, "TerminalAcmeShError": {"executed_lines": [22, 23], "summary": {"covered_lines": 2, "num_statements": 2, "percent_covered": 100.0, "percent_covered_display": "100", "missing_lines": 0, "excluded_lines": 0, "percent_statements_covered": 100.0, "percent_statements_covered_display": "100"}, "missing_lines": [], "excluded_lines": [], "start_line": 18}, "TransientAcmeShError": {"executed_lines": [30, 31], "summary": {"covered_lines": 2, "num_statements": 2, "percent_covered": 100.0, "percent_covered_display": "100", "missing_lines": 0, "excluded_lines": 0, "percent_statements_covered": 100.0, "percent_statements_covered_display": "100"}, "missing_lines": [], "excluded_lines": [], "start_line": 26}, "": {"executed_lines": [7, 10, 18, 21, 26, 29], "summary": {"covered_lines": 6, "num_statements": 6, "percent_covered": 100.0, "percent_covered_display": "100", "missing_lines": 0, "excluded_lines": 0, "percent_statements_covered": 100.0, "percent_statements_covered_display": "100"}, "missing_lines": [], "excluded_lines": [], "start_line": 1}}}, "acme_api/backend/acmesh_output.py": {"executed_lines": [9, 11, 12, 13, 14, 15, 17, 18, 20, 43, 50, 53, 54, 55, 56, 59, 66, 67, 68, 69, 71, 72, 77, 78, 80, 88, 97, 98, 100, 101, 106, 115, 121, 122, 123, 124, 126, 127, 136, 143, 153, 154, 155, 161, 162, 163, 164, 165, 168, 170, 171, 172, 173, 174, 177, 179, 180, 181, 182, 183, 186, 192, 193, 194, 195, 197, 198, 199, 200, 201, 203, 204, 206], "summary": {"covered_lines": 73, "num_statements": 74, "percent_covered": 98.64864864864865, "percent_covered_display": "99", "missing_lines": 1, "excluded_lines": 0, "percent_statements_covered": 98.64864864864865, "percent_statements_covered_display": "99"}, "missing_lines": [202], "excluded_lines": [], "functions": {"parse_cert_paths": {"executed_lines": [66, 67, 68, 69, 71, 72, 77, 78, 80], "summary": {"covered_lines": 9, "num_statements": 9, "percent_covered": 100.0, "percent_covered_display": "100", "missing_lines": 0, "excluded_lines": 0, "percent_statements_covered": 100.0, "percent_statements_covered_display": "100"}, "missing_lines": [], "excluded_lines": [], "start_line": 59}, "parse_cert_expiry": {"executed_lines": [97, 98, 100, 101, 106], "summary": {"covered_lines": 5, "num_statements": 5, "percent_covered": 100.0, "percent_covered_display": "100", "missing_lines": 0, "excluded_lines": 0, "percent_statements_covered": 100.0, "percent_statements_covered_display": "100"}, "missing_lines": [], "excluded_lines": [], "start_line": 88}, "cert_expiry_from_output": {"executed_lines": [121, 122, 123, 124, 126, 127], "summary": {"covered_lines": 6, "num_statements": 6, "percent_covered": 100.0, "percent_covered_display": "100", "missing_lines": 0, "excluded_lines": 0, "percent_statements_covered": 100.0, "percent_statements_covered_display": "100"}, "missing_lines": [], "excluded_lines": [], "start_line": 115}, "read_cert_notafter": {"executed_lines": [143, 153, 154, 155, 161, 162, 163, 164, 165], "summary": {"covered_lines": 9, "num_statements": 9, "percent_covered": 100.0, "percent_covered_display": "100", "missing_lines": 0, "excluded_lines": 0, "percent_statements_covered": 100.0, "percent_statements_covered_display": "100"}, "missing_lines": [], "excluded_lines": [], "start_line": 136}, "_extract_path": {"executed_lines": [170, 171, 172, 173, 174], "summary": {"covered_lines": 5, "num_statements": 5, "percent_covered": 100.0, "percent_covered_display": "100", "missing_lines": 0, "excluded_lines": 0, "percent_statements_covered": 100.0, "percent_statements_covered_display": "100"}, "missing_lines": [], "excluded_lines": [], "start_line": 168}, "_extract_expiry_date": {"executed_lines": [179, 180, 181, 182, 183], "summary": {"covered_lines": 5, "num_statements": 5, "percent_covered": 100.0, "percent_covered_display": "100", "missing_lines": 0, "excluded_lines": 0, "percent_statements_covered": 100.0, "percent_statements_covered_display": "100"}, "missing_lines": [], "excluded_lines": [], "start_line": 177}, "_parse_acmesh_datetime": {"executed_lines": [192, 193, 194, 195, 197, 198, 199, 200, 201, 203, 204, 206], "summary": {"covered_lines": 12, "num_statements": 13, "percent_covered": 92.3076923076923, "percent_covered_display": "92", "missing_lines": 1, "excluded_lines": 0, "percent_statements_covered": 92.3076923076923, "percent_statements_covered_display": "92"}, "missing_lines": [202], "excluded_lines": [], "start_line": 186}, "": {"executed_lines": [9, 11, 12, 13, 14, 15, 17, 18, 20, 43, 50, 53, 54, 55, 56, 59, 88, 115, 136, 168, 177, 186], "summary": {"covered_lines": 22, "num_statements": 22, "percent_covered": 100.0, "percent_covered_display": "100", "missing_lines": 0, "excluded_lines": 0, "percent_statements_covered": 100.0, "percent_statements_covered_display": "100"}, "missing_lines": [], "excluded_lines": [], "start_line": 1}}, "classes": {"_CertPaths": {"executed_lines": [], "summary": {"covered_lines": 0, "num_statements": 0, "percent_covered": 100.0, "percent_covered_display": "100", "missing_lines": 0, "excluded_lines": 0, "percent_statements_covered": 100.0, "percent_statements_covered_display": "100"}, "missing_lines": [], "excluded_lines": [], "start_line": 50}, "": {"executed_lines": [9, 11, 12, 13, 14, 15, 17, 18, 20, 43, 50, 53, 54, 55, 56, 59, 66, 67, 68, 69, 71, 72, 77, 78, 80, 88, 97, 98, 100, 101, 106, 115, 121, 122, 123, 124, 126, 127, 136, 143, 153, 154, 155, 161, 162, 163, 164, 165, 168, 170, 171, 172, 173, 174, 177, 179, 180, 181, 182, 183, 186, 192, 193, 194, 195, 197, 198, 199, 200, 201, 203, 204, 206], "summary": {"covered_lines": 73, "num_statements": 74, "percent_covered": 98.64864864864865, "percent_covered_display": "99", "missing_lines": 1, "excluded_lines": 0, "percent_statements_covered": 98.64864864864865, "percent_statements_covered_display": "99"}, "missing_lines": [202], "excluded_lines": [], "start_line": 1}}}, "acme_api/backend/dataclasses.py": {"executed_lines": [3, 5, 6, 9, 10, 19, 20, 21, 24, 25, 36, 37, 38, 39, 40, 43, 44, 54, 55, 56, 57], "summary": {"covered_lines": 21, "num_statements": 21, "percent_covered": 100.0, "percent_covered_display": "100", "missing_lines": 0, "excluded_lines": 0, "percent_statements_covered": 100.0, "percent_statements_covered_display": "100"}, "missing_lines": [], "excluded_lines": [], "functions": {"": {"executed_lines": [3, 5, 6, 9, 10, 19, 20, 21, 24, 25, 36, 37, 38, 39, 40, 43, 44, 54, 55, 56, 57], "summary": {"covered_lines": 21, "num_statements": 21, "percent_covered": 100.0, "percent_covered_display": "100", "missing_lines": 0, "excluded_lines": 0, "percent_statements_covered": 100.0, "percent_statements_covered_display": "100"}, "missing_lines": [], "excluded_lines": [], "start_line": 1}}, "classes": {"AccountInfo": {"executed_lines": [], "summary": {"covered_lines": 0, "num_statements": 0, "percent_covered": 100.0, "percent_covered_display": "100", "missing_lines": 0, "excluded_lines": 0, "percent_statements_covered": 100.0, "percent_statements_covered_display": "100"}, "missing_lines": [], "excluded_lines": [], "start_line": 10}, "CertExpiry": {"executed_lines": [], "summary": {"covered_lines": 0, "num_statements": 0, "percent_covered": 100.0, "percent_covered_display": "100", "missing_lines": 0, "excluded_lines": 0, "percent_statements_covered": 100.0, "percent_statements_covered_display": "100"}, "missing_lines": [], "excluded_lines": [], "start_line": 25}, "IssuanceResult": {"executed_lines": [], "summary": {"covered_lines": 0, "num_statements": 0, "percent_covered": 100.0, "percent_covered_display": "100", "missing_lines": 0, "excluded_lines": 0, "percent_statements_covered": 100.0, "percent_statements_covered_display": "100"}, "missing_lines": [], "excluded_lines": [], "start_line": 44}, "": {"executed_lines": [3, 5, 6, 9, 10, 19, 20, 21, 24, 25, 36, 37, 38, 39, 40, 43, 44, 54, 55, 56, 57], "summary": {"covered_lines": 21, "num_statements": 21, "percent_covered": 100.0, "percent_covered_display": "100", "missing_lines": 0, "excluded_lines": 0, "percent_statements_covered": 100.0, "percent_statements_covered_display": "100"}, "missing_lines": [], "excluded_lines": [], "start_line": 1}}}, "acme_api/backend/mock_backend.py": {"executed_lines": [3, 5, 6, 8, 9, 12, 15, 16, 18, 20, 21, 23, 32, 33, 39, 45, 46, 52, 54, 55, 63, 64, 65, 66], "summary": {"covered_lines": 24, "num_statements": 24, "percent_covered": 100.0, "percent_covered_display": "100", "missing_lines": 0, "excluded_lines": 0, "percent_statements_covered": 100.0, "percent_statements_covered_display": "100"}, "missing_lines": [], "excluded_lines": [], "functions": {"MockAcmeBackend.__init__": {"executed_lines": [16], "summary": {"covered_lines": 1, "num_statements": 1, "percent_covered": 100.0, "percent_covered_display": "100", "missing_lines": 0, "excluded_lines": 0, "percent_statements_covered": 100.0, "percent_statements_covered_display": "100"}, "missing_lines": [], "excluded_lines": [], "start_line": 15}, "MockAcmeBackend.register_account": {"executed_lines": [20, 21], "summary": {"covered_lines": 2, "num_statements": 2, "percent_covered": 100.0, "percent_covered_display": "100", "missing_lines": 0, "excluded_lines": 0, "percent_statements_covered": 100.0, "percent_statements_covered_display": "100"}, "missing_lines": [], "excluded_lines": [], "start_line": 18}, "MockAcmeBackend.issue_certificate": {"executed_lines": [32, 33], "summary": {"covered_lines": 2, "num_statements": 2, "percent_covered": 100.0, "percent_covered_display": "100", "missing_lines": 0, "excluded_lines": 0, "percent_statements_covered": 100.0, "percent_statements_covered_display": "100"}, "missing_lines": [], "excluded_lines": [], "start_line": 23}, "MockAcmeBackend.renew_certificate": {"executed_lines": [45, 46], "summary": {"covered_lines": 2, "num_statements": 2, "percent_covered": 100.0, "percent_covered_display": "100", "missing_lines": 0, "excluded_lines": 0, "percent_statements_covered": 100.0, "percent_statements_covered_display": "100"}, "missing_lines": [], "excluded_lines": [], "start_line": 39}, "MockAcmeBackend.get_certificate_expiry": {"executed_lines": [54, 55], "summary": {"covered_lines": 2, "num_statements": 2, "percent_covered": 100.0, "percent_covered_display": "100", "missing_lines": 0, "excluded_lines": 0, "percent_statements_covered": 100.0, "percent_statements_covered_display": "100"}, "missing_lines": [], "excluded_lines": [], "start_line": 52}, "MockAcmeBackend._cert_expiry": {"executed_lines": [64, 65, 66], "summary": {"covered_lines": 3, "num_statements": 3, "percent_covered": 100.0, "percent_covered_display": "100", "missing_lines": 0, "excluded_lines": 0, "percent_statements_covered": 100.0, "percent_statements_covered_display": "100"}, "missing_lines": [], "excluded_lines": [], "start_line": 63}, "": {"executed_lines": [3, 5, 6, 8, 9, 12, 15, 18, 23, 39, 52, 63], "summary": {"covered_lines": 12, "num_statements": 12, "percent_covered": 100.0, "percent_covered_display": "100", "missing_lines": 0, "excluded_lines": 0, "percent_statements_covered": 100.0, "percent_statements_covered_display": "100"}, "missing_lines": [], "excluded_lines": [], "start_line": 1}}, "classes": {"MockAcmeBackend": {"executed_lines": [16, 20, 21, 32, 33, 45, 46, 54, 55, 64, 65, 66], "summary": {"covered_lines": 12, "num_statements": 12, "percent_covered": 100.0, "percent_covered_display": "100", "missing_lines": 0, "excluded_lines": 0, "percent_statements_covered": 100.0, "percent_statements_covered_display": "100"}, "missing_lines": [], "excluded_lines": [], "start_line": 12}, "": {"executed_lines": [3, 5, 6, 8, 9, 12, 15, 18, 23, 39, 52, 63], "summary": {"covered_lines": 12, "num_statements": 12, "percent_covered": 100.0, "percent_covered_display": "100", "missing_lines": 0, "excluded_lines": 0, "percent_statements_covered": 100.0, "percent_statements_covered_display": "100"}, "missing_lines": [], "excluded_lines": [], "start_line": 1}}}, "acme_api/backend/protocol.py": {"executed_lines": [3, 5, 7, 11, 14], "summary": {"covered_lines": 5, "num_statements": 6, "percent_covered": 83.33333333333333, "percent_covered_display": "83", "missing_lines": 1, "excluded_lines": 23, "percent_statements_covered": 83.33333333333333, "percent_statements_covered_display": "83"}, "missing_lines": [8], "excluded_lines": [21, 22, 23, 24, 25, 26, 27, 28, 29, 30, 31, 32, 33, 34, 35, 36, 37, 38, 39, 40, 41, 42, 43], "functions": {"AcmeBackend.register_account": {"executed_lines": [], "summary": {"covered_lines": 0, "num_statements": 0, "percent_covered": 100.0, "percent_covered_display": "100", "missing_lines": 0, "excluded_lines": 1, "percent_statements_covered": 100.0, "percent_statements_covered_display": "100"}, "missing_lines": [], "excluded_lines": [25], "start_line": 21}, "AcmeBackend.issue_certificate": {"executed_lines": [], "summary": {"covered_lines": 0, "num_statements": 0, "percent_covered": 100.0, "percent_covered_display": "100", "missing_lines": 0, "excluded_lines": 1, "percent_statements_covered": 100.0, "percent_statements_covered_display": "100"}, "missing_lines": [], "excluded_lines": [34], "start_line": 27}, "AcmeBackend.renew_certificate": {"executed_lines": [], "summary": {"covered_lines": 0, "num_statements": 0, "percent_covered": 100.0, "percent_covered_display": "100", "missing_lines": 0, "excluded_lines": 1, "percent_statements_covered": 100.0, "percent_statements_covered_display": "100"}, "missing_lines": [], "excluded_lines": [40], "start_line": 36}, "AcmeBackend.get_certificate_expiry": {"executed_lines": [], "summary": {"covered_lines": 0, "num_statements": 0, "percent_covered": 100.0, "percent_covered_display": "100", "missing_lines": 0, "excluded_lines": 1, "percent_statements_covered": 100.0, "percent_statements_covered_display": "100"}, "missing_lines": [], "excluded_lines": [42], "start_line": 42}, "": {"executed_lines": [3, 5, 7, 11, 14], "summary": {"covered_lines": 5, "num_statements": 6, "percent_covered": 83.33333333333333, "percent_covered_display": "83", "missing_lines": 1, "excluded_lines": 18, "percent_statements_covered": 83.33333333333333, "percent_statements_covered_display": "83"}, "missing_lines": [8], "excluded_lines": [21, 22, 23, 24, 26, 27, 28, 29, 30, 31, 32, 33, 35, 36, 37, 38, 39, 41], "start_line": 1}}, "classes": {"AcmeBackend": {"executed_lines": [], "summary": {"covered_lines": 0, "num_statements": 0, "percent_covered": 100.0, "percent_covered_display": "100", "missing_lines": 0, "excluded_lines": 4, "percent_statements_covered": 100.0, "percent_statements_covered_display": "100"}, "missing_lines": [], "excluded_lines": [25, 34, 40, 42], "start_line": 14}, "": {"executed_lines": [3, 5, 7, 11, 14], "summary": {"covered_lines": 5, "num_statements": 6, "percent_covered": 83.33333333333333, "percent_covered_display": "83", "missing_lines": 1, "excluded_lines": 18, "percent_statements_covered": 83.33333333333333, "percent_statements_covered_display": "83"}, "missing_lines": [8], "excluded_lines": [21, 22, 23, 24, 26, 27, 28, 29, 30, 31, 32, 33, 35, 36, 37, 38, 39, 41], "start_line": 1}}}, "acme_api/config.py": {"executed_lines": [8, 10, 11, 12, 14, 15, 18, 21, 24, 27, 28, 31, 34, 35, 38, 41, 42, 43, 46, 56, 57, 58, 61, 72, 73, 74, 77, 80, 81, 82, 91, 100, 103, 104, 105, 106, 107, 110, 113, 114, 115, 118, 131, 132, 133, 134, 135, 136, 137, 138, 139, 144, 153, 157, 158, 162, 163, 167, 168, 171, 172, 173, 176, 177, 178, 181, 182, 183, 187, 188, 191, 193, 194, 197, 211, 212, 213, 214, 218, 219, 221, 222, 224], "summary": {"covered_lines": 83, "num_statements": 84, "percent_covered": 98.80952380952381, "percent_covered_display": "99", "missing_lines": 1, "excluded_lines": 0, "percent_statements_covered": 98.80952380952381, "percent_statements_covered_display": "99"}, "missing_lines": [216], "excluded_lines": [], "functions": {"AppSettings.check": {"executed_lines": [153, 157, 158, 162, 163, 167, 168, 171, 172, 173, 176, 177, 178, 181, 182, 183, 187, 188], "summary": {"covered_lines": 18, "num_statements": 18, "percent_covered": 100.0, "percent_covered_display": "100", "missing_lines": 0, "excluded_lines": 0, "percent_statements_covered": 100.0, "percent_statements_covered_display": "100"}, "missing_lines": [], "excluded_lines": [], "start_line": 144}, "prepare_runtime_paths": {"executed_lines": [193, 194], "summary": {"covered_lines": 2, "num_statements": 2, "percent_covered": 100.0, "percent_covered_display": "100", "missing_lines": 0, "excluded_lines": 0, "percent_statements_covered": 100.0, "percent_statements_covered_display": "100"}, "missing_lines": [], "excluded_lines": [], "start_line": 191}, "load_config": {"executed_lines": [211, 212, 213, 214, 218, 219, 221, 222, 224], "summary": {"covered_lines": 9, "num_statements": 10, "percent_covered": 90.0, "percent_covered_display": "90", "missing_lines": 1, "excluded_lines": 0, "percent_statements_covered": 90.0, "percent_statements_covered_display": "90"}, "missing_lines": [216], "excluded_lines": [], "start_line": 197}, "": {"executed_lines": [8, 10, 11, 12, 14, 15, 18, 21, 24, 27, 28, 31, 34, 35, 38, 41, 42, 43, 46, 56, 57, 58, 61, 72, 73, 74, 77, 80, 81, 82, 91, 100, 103, 104, 105, 106, 107, 110, 113, 114, 115, 118, 131, 132, 133, 134, 135, 136, 137, 138, 139, 144, 191, 197], "summary": {"covered_lines": 54, "num_statements": 54, "percent_covered": 100.0, "percent_covered_display": "100", "missing_lines": 0, "excluded_lines": 0, "percent_statements_covered": 100.0, "percent_statements_covered_display": "100"}, "missing_lines": [], "excluded_lines": [], "start_line": 1}}, "classes": {"StrictConfigModel": {"executed_lines": [], "summary": {"covered_lines": 0, "num_statements": 0, "percent_covered": 100.0, "percent_covered_display": "100", "missing_lines": 0, "excluded_lines": 0, "percent_statements_covered": 100.0, "percent_statements_covered_display": "100"}, "missing_lines": [], "excluded_lines": [], "start_line": 18}, "LogConfig": {"executed_lines": [], "summary": {"covered_lines": 0, "num_statements": 0, "percent_covered": 100.0, "percent_covered_display": "100", "missing_lines": 0, "excluded_lines": 0, "percent_statements_covered": 100.0, "percent_statements_covered_display": "100"}, "missing_lines": [], "excluded_lines": [], "start_line": 24}, "DatabaseConfig": {"executed_lines": [], "summary": {"covered_lines": 0, "num_statements": 0, "percent_covered": 100.0, "percent_covered_display": "100", "missing_lines": 0, "excluded_lines": 0, "percent_statements_covered": 100.0, "percent_statements_covered_display": "100"}, "missing_lines": [], "excluded_lines": [], "start_line": 31}, "DeploymentConfig": {"executed_lines": [], "summary": {"covered_lines": 0, "num_statements": 0, "percent_covered": 100.0, "percent_covered_display": "100", "missing_lines": 0, "excluded_lines": 0, "percent_statements_covered": 100.0, "percent_statements_covered_display": "100"}, "missing_lines": [], "excluded_lines": [], "start_line": 38}, "DnsProviderConfig": {"executed_lines": [], "summary": {"covered_lines": 0, "num_statements": 0, "percent_covered": 100.0, "percent_covered_display": "100", "missing_lines": 0, "excluded_lines": 0, "percent_statements_covered": 100.0, "percent_statements_covered_display": "100"}, "missing_lines": [], "excluded_lines": [], "start_line": 46}, "AcmeAccountConfig": {"executed_lines": [], "summary": {"covered_lines": 0, "num_statements": 0, "percent_covered": 100.0, "percent_covered_display": "100", "missing_lines": 0, "excluded_lines": 0, "percent_statements_covered": 100.0, "percent_statements_covered_display": "100"}, "missing_lines": [], "excluded_lines": [], "start_line": 61}, "AcmeConfig": {"executed_lines": [], "summary": {"covered_lines": 0, "num_statements": 0, "percent_covered": 100.0, "percent_covered_display": "100", "missing_lines": 0, "excluded_lines": 0, "percent_statements_covered": 100.0, "percent_statements_covered_display": "100"}, "missing_lines": [], "excluded_lines": [], "start_line": 77}, "RenewalConfig": {"executed_lines": [], "summary": {"covered_lines": 0, "num_statements": 0, "percent_covered": 100.0, "percent_covered_display": "100", "missing_lines": 0, "excluded_lines": 0, "percent_statements_covered": 100.0, "percent_statements_covered_display": "100"}, "missing_lines": [], "excluded_lines": [], "start_line": 100}, "WebhookDeliveryConfig": {"executed_lines": [], "summary": {"covered_lines": 0, "num_statements": 0, "percent_covered": 100.0, "percent_covered_display": "100", "missing_lines": 0, "excluded_lines": 0, "percent_statements_covered": 100.0, "percent_statements_covered_display": "100"}, "missing_lines": [], "excluded_lines": [], "start_line": 110}, "AppSettings": {"executed_lines": [153, 157, 158, 162, 163, 167, 168, 171, 172, 173, 176, 177, 178, 181, 182, 183, 187, 188], "summary": {"covered_lines": 18, "num_statements": 18, "percent_covered": 100.0, "percent_covered_display": "100", "missing_lines": 0, "excluded_lines": 0, "percent_statements_covered": 100.0, "percent_statements_covered_display": "100"}, "missing_lines": [], "excluded_lines": [], "start_line": 118}, "": {"executed_lines": [8, 10, 11, 12, 14, 15, 18, 21, 24, 27, 28, 31, 34, 35, 38, 41, 42, 43, 46, 56, 57, 58, 61, 72, 73, 74, 77, 80, 81, 82, 91, 100, 103, 104, 105, 106, 107, 110, 113, 114, 115, 118, 131, 132, 133, 134, 135, 136, 137, 138, 139, 144, 191, 193, 194, 197, 211, 212, 213, 214, 218, 219, 221, 222, 224], "summary": {"covered_lines": 65, "num_statements": 66, "percent_covered": 98.48484848484848, "percent_covered_display": "98", "missing_lines": 1, "excluded_lines": 0, "percent_statements_covered": 98.48484848484848, "percent_statements_covered_display": "98"}, "missing_lines": [216], "excluded_lines": [], "start_line": 1}}}, "acme_api/db.py": {"executed_lines": [3, 5, 6, 7, 9, 10, 17, 18, 23, 24, 27, 29, 30, 31, 32, 33, 34, 36, 39, 53, 62, 63, 65, 66, 72, 75, 76, 78, 79, 80, 81, 82, 83, 84, 87, 89, 90, 93, 95, 96, 99, 104, 105, 108, 110, 112, 114, 115, 120, 121, 122, 123], "summary": {"covered_lines": 52, "num_statements": 52, "percent_covered": 100.0, "percent_covered_display": "100", "missing_lines": 0, "excluded_lines": 0, "percent_statements_covered": 100.0, "percent_statements_covered_display": "100"}, "missing_lines": [], "excluded_lines": [], "functions": {"_set_sqlite_pragma": {"executed_lines": [29, 30, 31, 32, 33, 34, 36], "summary": {"covered_lines": 7, "num_statements": 7, "percent_covered": 100.0, "percent_covered_display": "100", "missing_lines": 0, "excluded_lines": 0, "percent_statements_covered": 100.0, "percent_statements_covered_display": "100"}, "missing_lines": [], "excluded_lines": [], "start_line": 27}, "init_engine": {"executed_lines": [53, 62, 63, 65, 66, 72], "summary": {"covered_lines": 6, "num_statements": 6, "percent_covered": 100.0, "percent_covered_display": "100", "missing_lines": 0, "excluded_lines": 0, "percent_statements_covered": 100.0, "percent_statements_covered_display": "100"}, "missing_lines": [], "excluded_lines": [], "start_line": 39}, "get_db": {"executed_lines": [78, 79, 80, 81, 82, 83, 84], "summary": {"covered_lines": 7, "num_statements": 7, "percent_covered": 100.0, "percent_covered_display": "100", "missing_lines": 0, "excluded_lines": 0, "percent_statements_covered": 100.0, "percent_statements_covered_display": "100"}, "missing_lines": [], "excluded_lines": [], "start_line": 76}, "get_db_session": {"executed_lines": [89, 90], "summary": {"covered_lines": 2, "num_statements": 2, "percent_covered": 100.0, "percent_covered_display": "100", "missing_lines": 0, "excluded_lines": 0, "percent_statements_covered": 100.0, "percent_statements_covered_display": "100"}, "missing_lines": [], "excluded_lines": [], "start_line": 87}, "get_session_factory": {"executed_lines": [95, 96], "summary": {"covered_lines": 2, "num_statements": 2, "percent_covered": 100.0, "percent_covered_display": "100", "missing_lines": 0, "excluded_lines": 0, "percent_statements_covered": 100.0, "percent_statements_covered_display": "100"}, "missing_lines": [], "excluded_lines": [], "start_line": 93}, "init_db": {"executed_lines": [104, 105], "summary": {"covered_lines": 2, "num_statements": 2, "percent_covered": 100.0, "percent_covered_display": "100", "missing_lines": 0, "excluded_lines": 0, "percent_statements_covered": 100.0, "percent_statements_covered_display": "100"}, "missing_lines": [], "excluded_lines": [], "start_line": 99}, "run_migrations": {"executed_lines": [110, 112, 114, 115, 120, 121, 122, 123], "summary": {"covered_lines": 8, "num_statements": 8, "percent_covered": 100.0, "percent_covered_display": "100", "missing_lines": 0, "excluded_lines": 0, "percent_statements_covered": 100.0, "percent_statements_covered_display": "100"}, "missing_lines": [], "excluded_lines": [], "start_line": 108}, "": {"executed_lines": [3, 5, 6, 7, 9, 10, 17, 18, 23, 24, 27, 39, 75, 76, 87, 93, 99, 108], "summary": {"covered_lines": 18, "num_statements": 18, "percent_covered": 100.0, "percent_covered_display": "100", "missing_lines": 0, "excluded_lines": 0, "percent_statements_covered": 100.0, "percent_statements_covered_display": "100"}, "missing_lines": [], "excluded_lines": [], "start_line": 1}}, "classes": {"": {"executed_lines": [3, 5, 6, 7, 9, 10, 17, 18, 23, 24, 27, 29, 30, 31, 32, 33, 34, 36, 39, 53, 62, 63, 65, 66, 72, 75, 76, 78, 79, 80, 81, 82, 83, 84, 87, 89, 90, 93, 95, 96, 99, 104, 105, 108, 110, 112, 114, 115, 120, 121, 122, 123], "summary": {"covered_lines": 52, "num_statements": 52, "percent_covered": 100.0, "percent_covered_display": "100", "missing_lines": 0, "excluded_lines": 0, "percent_statements_covered": 100.0, "percent_statements_covered_display": "100"}, "missing_lines": [], "excluded_lines": [], "start_line": 1}}}, "acme_api/deployer.py": {"executed_lines": [3, 5, 6, 7, 8, 9, 10, 11, 12, 13, 15, 17, 18, 19, 20, 21, 24, 25, 28, 29, 30, 31, 32, 33, 36, 37, 40, 41, 42, 43, 44, 45, 46, 48, 50, 51, 53, 66, 67, 70, 71, 72, 73, 76, 80, 99, 100, 101, 110, 121, 132, 133, 134, 136, 137, 139, 141, 142, 143, 150, 152, 153, 154, 155, 157, 159, 169, 178, 179, 180, 182, 187, 194, 196, 203, 206, 208, 216, 222, 232, 234, 236, 239, 241, 242, 243, 244, 245, 248, 253, 254, 255, 256, 258, 259, 260, 261, 262, 264, 265, 269, 270, 271, 272, 274, 275, 278, 280, 281, 284, 286, 287, 288, 289, 290, 293, 295, 296, 297, 298, 300], "summary": {"covered_lines": 121, "num_statements": 125, "percent_covered": 96.8, "percent_covered_display": "97", "missing_lines": 4, "excluded_lines": 0, "percent_statements_covered": 96.8, "percent_statements_covered_display": "97"}, "missing_lines": [52, 235, 266, 267], "excluded_lines": [], "functions": {"DeploymentMetadata.to_json_dict": {"executed_lines": [50, 51, 53], "summary": {"covered_lines": 3, "num_statements": 4, "percent_covered": 75.0, "percent_covered_display": "75", "missing_lines": 1, "excluded_lines": 0, "percent_statements_covered": 75.0, "percent_statements_covered_display": "75"}, "missing_lines": [52], "excluded_lines": [], "start_line": 48}, "deploy_issuance_result": {"executed_lines": [99, 100, 101, 110], "summary": {"covered_lines": 4, "num_statements": 4, "percent_covered": 100.0, "percent_covered_display": "100", "missing_lines": 0, "excluded_lines": 0, "percent_statements_covered": 100.0, "percent_statements_covered_display": "100"}, "missing_lines": [], "excluded_lines": [], "start_line": 80}, "deploy_certificate_artifacts": {"executed_lines": [132, 133, 134, 136, 137, 139, 141, 142, 143, 150, 152, 153, 154, 155, 157, 159], "summary": {"covered_lines": 16, "num_statements": 16, "percent_covered": 100.0, "percent_covered_display": "100", "missing_lines": 0, "excluded_lines": 0, "percent_statements_covered": 100.0, "percent_statements_covered_display": "100"}, "missing_lines": [], "excluded_lines": [], "start_line": 121}, "_write_temp_artifacts": {"executed_lines": [178, 179, 180, 182, 187], "summary": {"covered_lines": 5, "num_statements": 5, "percent_covered": 100.0, "percent_covered_display": "100", "missing_lines": 0, "excluded_lines": 0, "percent_statements_covered": 100.0, "percent_statements_covered_display": "100"}, "missing_lines": [], "excluded_lines": [], "start_line": 169}, "_replace_artifacts": {"executed_lines": [196, 203], "summary": {"covered_lines": 2, "num_statements": 2, "percent_covered": 100.0, "percent_covered_display": "100", "missing_lines": 0, "excluded_lines": 0, "percent_statements_covered": 100.0, "percent_statements_covered_display": "100"}, "missing_lines": [], "excluded_lines": [], "start_line": 194}, "_source_paths": {"executed_lines": [208], "summary": {"covered_lines": 1, "num_statements": 1, "percent_covered": 100.0, "percent_covered_display": "100", "missing_lines": 0, "excluded_lines": 0, "percent_statements_covered": 100.0, "percent_statements_covered_display": "100"}, "missing_lines": [], "excluded_lines": [], "start_line": 206}, "_metadata_for_cert": {"executed_lines": [222], "summary": {"covered_lines": 1, "num_statements": 1, "percent_covered": 100.0, "percent_covered_display": "100", "missing_lines": 0, "excluded_lines": 0, "percent_statements_covered": 100.0, "percent_statements_covered_display": "100"}, "missing_lines": [], "excluded_lines": [], "start_line": 216}, "_primary_domain": {"executed_lines": [234, 236], "summary": {"covered_lines": 2, "num_statements": 3, "percent_covered": 66.66666666666667, "percent_covered_display": "67", "missing_lines": 1, "excluded_lines": 0, "percent_statements_covered": 66.66666666666667, "percent_statements_covered_display": "67"}, "missing_lines": [235], "excluded_lines": [], "start_line": 232}, "_safe_domain_dir_name": {"executed_lines": [241, 242, 243, 244, 245], "summary": {"covered_lines": 5, "num_statements": 5, "percent_covered": 100.0, "percent_covered_display": "100", "missing_lines": 0, "excluded_lines": 0, "percent_statements_covered": 100.0, "percent_statements_covered_display": "100"}, "missing_lines": [], "excluded_lines": [], "start_line": 239}, "_validate_source_files": {"executed_lines": [253, 254, 255, 256, 258, 259, 260, 261, 262, 264, 265, 269, 270, 271, 272, 274, 275], "summary": {"covered_lines": 17, "num_statements": 19, "percent_covered": 89.47368421052632, "percent_covered_display": "89", "missing_lines": 2, "excluded_lines": 0, "percent_statements_covered": 89.47368421052632, "percent_statements_covered_display": "89"}, "missing_lines": [266, 267], "excluded_lines": [], "start_line": 248}, "_copy_fsync_chmod": {"executed_lines": [280, 281], "summary": {"covered_lines": 2, "num_statements": 2, "percent_covered": 100.0, "percent_covered_display": "100", "missing_lines": 0, "excluded_lines": 0, "percent_statements_covered": 100.0, "percent_statements_covered_display": "100"}, "missing_lines": [], "excluded_lines": [], "start_line": 278}, "_write_fsync_chmod": {"executed_lines": [286, 287, 288, 289, 290], "summary": {"covered_lines": 5, "num_statements": 5, "percent_covered": 100.0, "percent_covered_display": "100", "missing_lines": 0, "excluded_lines": 0, "percent_statements_covered": 100.0, "percent_statements_covered_display": "100"}, "missing_lines": [], "excluded_lines": [], "start_line": 284}, "_fsync_directory": {"executed_lines": [295, 296, 297, 298, 300], "summary": {"covered_lines": 5, "num_statements": 5, "percent_covered": 100.0, "percent_covered_display": "100", "missing_lines": 0, "excluded_lines": 0, "percent_statements_covered": 100.0, "percent_statements_covered_display": "100"}, "missing_lines": [], "excluded_lines": [], "start_line": 293}, "": {"executed_lines": [3, 5, 6, 7, 8, 9, 10, 11, 12, 13, 15, 17, 18, 19, 20, 21, 24, 25, 28, 29, 30, 31, 32, 33, 36, 37, 40, 41, 42, 43, 44, 45, 46, 48, 66, 67, 70, 71, 72, 73, 76, 80, 121, 169, 194, 206, 216, 232, 239, 248, 278, 284, 293], "summary": {"covered_lines": 53, "num_statements": 53, "percent_covered": 100.0, "percent_covered_display": "100", "missing_lines": 0, "excluded_lines": 0, "percent_statements_covered": 100.0, "percent_statements_covered_display": "100"}, "missing_lines": [], "excluded_lines": [], "start_line": 1}}, "classes": {"DeploymentPaths": {"executed_lines": [], "summary": {"covered_lines": 0, "num_statements": 0, "percent_covered": 100.0, "percent_covered_display": "100", "missing_lines": 0, "excluded_lines": 0, "percent_statements_covered": 100.0, "percent_statements_covered_display": "100"}, "missing_lines": [], "excluded_lines": [], "start_line": 25}, "DeploymentMetadata": {"executed_lines": [50, 51, 53], "summary": {"covered_lines": 3, "num_statements": 4, "percent_covered": 75.0, "percent_covered_display": "75", "missing_lines": 1, "excluded_lines": 0, "percent_statements_covered": 75.0, "percent_statements_covered_display": "75"}, "missing_lines": [52], "excluded_lines": [], "start_line": 37}, "DeploymentOptions": {"executed_lines": [], "summary": {"covered_lines": 0, "num_statements": 0, "percent_covered": 100.0, "percent_covered_display": "100", "missing_lines": 0, "excluded_lines": 0, "percent_statements_covered": 100.0, "percent_statements_covered_display": "100"}, "missing_lines": [], "excluded_lines": [], "start_line": 67}, "DeploymentError": {"executed_lines": [], "summary": {"covered_lines": 0, "num_statements": 0, "percent_covered": 100.0, "percent_covered_display": "100", "missing_lines": 0, "excluded_lines": 0, "percent_statements_covered": 100.0, "percent_statements_covered_display": "100"}, "missing_lines": [], "excluded_lines": [], "start_line": 76}, "": {"executed_lines": [3, 5, 6, 7, 8, 9, 10, 11, 12, 13, 15, 17, 18, 19, 20, 21, 24, 25, 28, 29, 30, 31, 32, 33, 36, 37, 40, 41, 42, 43, 44, 45, 46, 48, 66, 67, 70, 71, 72, 73, 76, 80, 99, 100, 101, 110, 121, 132, 133, 134, 136, 137, 139, 141, 142, 143, 150, 152, 153, 154, 155, 157, 159, 169, 178, 179, 180, 182, 187, 194, 196, 203, 206, 208, 216, 222, 232, 234, 236, 239, 241, 242, 243, 244, 245, 248, 253, 254, 255, 256, 258, 259, 260, 261, 262, 264, 265, 269, 270, 271, 272, 274, 275, 278, 280, 281, 284, 286, 287, 288, 289, 290, 293, 295, 296, 297, 298, 300], "summary": {"covered_lines": 118, "num_statements": 121, "percent_covered": 97.52066115702479, "percent_covered_display": "98", "missing_lines": 3, "excluded_lines": 0, "percent_statements_covered": 97.52066115702479, "percent_statements_covered_display": "98"}, "missing_lines": [235, 266, 267], "excluded_lines": [], "start_line": 1}}}, "acme_api/logging.py": {"executed_lines": [7, 8, 9, 10, 11, 14, 16, 19, 22, 24, 32, 33, 34, 36, 37, 38, 40, 41, 43, 46, 48, 50, 51, 53, 54, 56, 57, 59, 60, 61, 64, 66, 67, 68, 69, 70], "summary": {"covered_lines": 36, "num_statements": 36, "percent_covered": 100.0, "percent_covered_display": "100", "missing_lines": 0, "excluded_lines": 0, "percent_statements_covered": 100.0, "percent_statements_covered_display": "100"}, "missing_lines": [], "excluded_lines": [], "functions": {"JSONFormatter.format": {"executed_lines": [24, 32, 33, 34, 36, 37, 38, 40, 41, 43], "summary": {"covered_lines": 10, "num_statements": 10, "percent_covered": 100.0, "percent_covered_display": "100", "missing_lines": 0, "excluded_lines": 0, "percent_statements_covered": 100.0, "percent_statements_covered_display": "100"}, "missing_lines": [], "excluded_lines": [], "start_line": 22}, "setup_logging": {"executed_lines": [48, 50, 51, 53, 54, 56, 57, 59, 60, 61], "summary": {"covered_lines": 10, "num_statements": 10, "percent_covered": 100.0, "percent_covered_display": "100", "missing_lines": 0, "excluded_lines": 0, "percent_statements_covered": 100.0, "percent_statements_covered_display": "100"}, "missing_lines": [], "excluded_lines": [], "start_line": 46}, "get_request_id": {"executed_lines": [66, 67, 68, 69, 70], "summary": {"covered_lines": 5, "num_statements": 5, "percent_covered": 100.0, "percent_covered_display": "100", "missing_lines": 0, "excluded_lines": 0, "percent_statements_covered": 100.0, "percent_statements_covered_display": "100"}, "missing_lines": [], "excluded_lines": [], "start_line": 64}, "": {"executed_lines": [7, 8, 9, 10, 11, 14, 16, 19, 22, 46, 64], "summary": {"covered_lines": 11, "num_statements": 11, "percent_covered": 100.0, "percent_covered_display": "100", "missing_lines": 0, "excluded_lines": 0, "percent_statements_covered": 100.0, "percent_statements_covered_display": "100"}, "missing_lines": [], "excluded_lines": [], "start_line": 1}}, "classes": {"JSONFormatter": {"executed_lines": [24, 32, 33, 34, 36, 37, 38, 40, 41, 43], "summary": {"covered_lines": 10, "num_statements": 10, "percent_covered": 100.0, "percent_covered_display": "100", "missing_lines": 0, "excluded_lines": 0, "percent_statements_covered": 100.0, "percent_statements_covered_display": "100"}, "missing_lines": [], "excluded_lines": [], "start_line": 19}, "": {"executed_lines": [7, 8, 9, 10, 11, 14, 16, 19, 22, 46, 48, 50, 51, 53, 54, 56, 57, 59, 60, 61, 64, 66, 67, 68, 69, 70], "summary": {"covered_lines": 26, "num_statements": 26, "percent_covered": 100.0, "percent_covered_display": "100", "missing_lines": 0, "excluded_lines": 0, "percent_statements_covered": 100.0, "percent_statements_covered_display": "100"}, "missing_lines": [], "excluded_lines": [], "start_line": 1}}}, "acme_api/main.py": {"executed_lines": [7, 9, 10, 11, 12, 13, 14, 15, 17, 18, 19, 20, 22, 23, 24, 25, 26, 27, 28, 29, 30, 31, 32, 34, 41, 42, 49, 51, 52, 53, 54, 55, 62, 65, 66, 67, 68, 69, 71, 80, 82, 83, 92, 104, 105, 112, 114, 115, 117, 118, 119, 122, 132, 135, 143, 144, 147, 148, 149, 150, 152, 157, 159, 164, 172, 174, 178, 179, 184, 185, 186, 187, 189, 192, 194, 195, 196, 197, 199, 206, 215], "summary": {"covered_lines": 81, "num_statements": 83, "percent_covered": 97.59036144578313, "percent_covered_display": "98", "missing_lines": 2, "excluded_lines": 0, "percent_statements_covered": 97.59036144578313, "percent_statements_covered_display": "98"}, "missing_lines": [133, 216], "excluded_lines": [], "functions": {"lifespan": {"executed_lines": [49, 51, 52, 53, 54, 55, 62, 65, 66, 67, 68, 69, 71, 80, 82, 92, 104, 105, 112, 114, 115, 117, 118, 119], "summary": {"covered_lines": 24, "num_statements": 24, "percent_covered": 100.0, "percent_covered_display": "100", "missing_lines": 0, "excluded_lines": 0, "percent_statements_covered": 100.0, "percent_statements_covered_display": "100"}, "missing_lines": [], "excluded_lines": [], "start_line": 42}, "lifespan.webhook_dispatcher_factory": {"executed_lines": [83], "summary": {"covered_lines": 1, "num_statements": 1, "percent_covered": 100.0, "percent_covered_display": "100", "missing_lines": 0, "excluded_lines": 0, "percent_statements_covered": 100.0, "percent_statements_covered_display": "100"}, "missing_lines": [], "excluded_lines": [], "start_line": 82}, "create_app": {"executed_lines": [132, 135, 143, 144, 147, 148, 149, 150, 152, 157, 164, 172, 184, 185, 189], "summary": {"covered_lines": 15, "num_statements": 16, "percent_covered": 93.75, "percent_covered_display": "94", "missing_lines": 1, "excluded_lines": 0, "percent_statements_covered": 93.75, "percent_statements_covered_display": "94"}, "missing_lines": [133], "excluded_lines": [], "start_line": 122}, "create_app.health": {"executed_lines": [159], "summary": {"covered_lines": 1, "num_statements": 1, "percent_covered": 100.0, "percent_covered_display": "100", "missing_lines": 0, "excluded_lines": 0, "percent_statements_covered": 100.0, "percent_statements_covered_display": "100"}, "missing_lines": [], "excluded_lines": [], "start_line": 157}, "create_app.ready": {"executed_lines": [174, 178, 179], "summary": {"covered_lines": 3, "num_statements": 3, "percent_covered": 100.0, "percent_covered_display": "100", "missing_lines": 0, "excluded_lines": 0, "percent_statements_covered": 100.0, "percent_statements_covered_display": "100"}, "missing_lines": [], "excluded_lines": [], "start_line": 172}, "create_app.unhandled_exception_handler": {"executed_lines": [186, 187], "summary": {"covered_lines": 2, "num_statements": 2, "percent_covered": 100.0, "percent_covered_display": "100", "missing_lines": 0, "excluded_lines": 0, "percent_statements_covered": 100.0, "percent_statements_covered_display": "100"}, "missing_lines": [], "excluded_lines": [], "start_line": 185}, "main": {"executed_lines": [194, 195, 196, 197, 199, 206], "summary": {"covered_lines": 6, "num_statements": 6, "percent_covered": 100.0, "percent_covered_display": "100", "missing_lines": 0, "excluded_lines": 0, "percent_statements_covered": 100.0, "percent_statements_covered_display": "100"}, "missing_lines": [], "excluded_lines": [], "start_line": 192}, "": {"executed_lines": [7, 9, 10, 11, 12, 13, 14, 15, 17, 18, 19, 20, 22, 23, 24, 25, 26, 27, 28, 29, 30, 31, 32, 34, 41, 42, 122, 192, 215], "summary": {"covered_lines": 29, "num_statements": 30, "percent_covered": 96.66666666666667, "percent_covered_display": "97", "missing_lines": 1, "excluded_lines": 0, "percent_statements_covered": 96.66666666666667, "percent_statements_covered_display": "97"}, "missing_lines": [216], "excluded_lines": [], "start_line": 1}}, "classes": {"": {"executed_lines": [7, 9, 10, 11, 12, 13, 14, 15, 17, 18, 19, 20, 22, 23, 24, 25, 26, 27, 28, 29, 30, 31, 32, 34, 41, 42, 49, 51, 52, 53, 54, 55, 62, 65, 66, 67, 68, 69, 71, 80, 82, 83, 92, 104, 105, 112, 114, 115, 117, 118, 119, 122, 132, 135, 143, 144, 147, 148, 149, 150, 152, 157, 159, 164, 172, 174, 178, 179, 184, 185, 186, 187, 189, 192, 194, 195, 196, 197, 199, 206, 215], "summary": {"covered_lines": 81, "num_statements": 83, "percent_covered": 97.59036144578313, "percent_covered_display": "98", "missing_lines": 2, "excluded_lines": 0, "percent_statements_covered": 97.59036144578313, "percent_statements_covered_display": "98"}, "missing_lines": [133, 216], "excluded_lines": [], "start_line": 1}}}, "acme_api/middleware.py": {"executed_lines": [7, 9, 10, 11, 12, 14, 16, 17, 18, 21, 29, 30, 32, 38, 39, 40, 42, 43, 44, 45, 48, 50, 52, 53, 54, 55, 59, 60, 61, 62, 64, 65, 67, 69, 70, 76, 77, 78, 79, 80, 81, 82], "summary": {"covered_lines": 42, "num_statements": 44, "percent_covered": 95.45454545454545, "percent_covered_display": "95", "missing_lines": 2, "excluded_lines": 0, "percent_statements_covered": 95.45454545454545, "percent_statements_covered_display": "95"}, "missing_lines": [56, 57], "excluded_lines": [], "functions": {"RequestIdMiddleware.__init__": {"executed_lines": [30], "summary": {"covered_lines": 1, "num_statements": 1, "percent_covered": 100.0, "percent_covered_display": "100", "missing_lines": 0, "excluded_lines": 0, "percent_statements_covered": 100.0, "percent_statements_covered_display": "100"}, "missing_lines": [], "excluded_lines": [], "start_line": 29}, "RequestIdMiddleware.__call__": {"executed_lines": [38, 39, 40, 42, 43, 44, 45, 48, 50, 64, 65, 67], "summary": {"covered_lines": 12, "num_statements": 12, "percent_covered": 100.0, "percent_covered_display": "100", "missing_lines": 0, "excluded_lines": 0, "percent_statements_covered": 100.0, "percent_statements_covered_display": "100"}, "missing_lines": [], "excluded_lines": [], "start_line": 32}, "RequestIdMiddleware.__call__.wrapped_send": {"executed_lines": [52, 53, 54, 55, 59, 60, 61, 62], "summary": {"covered_lines": 8, "num_statements": 10, "percent_covered": 80.0, "percent_covered_display": "80", "missing_lines": 2, "excluded_lines": 0, "percent_statements_covered": 80.0, "percent_statements_covered_display": "80"}, "missing_lines": [56, 57], "excluded_lines": [], "start_line": 50}, "RequestIdMiddleware._get_request_id": {"executed_lines": [76, 77, 78, 79, 80, 81, 82], "summary": {"covered_lines": 7, "num_statements": 7, "percent_covered": 100.0, "percent_covered_display": "100", "missing_lines": 0, "excluded_lines": 0, "percent_statements_covered": 100.0, "percent_statements_covered_display": "100"}, "missing_lines": [], "excluded_lines": [], "start_line": 70}, "": {"executed_lines": [7, 9, 10, 11, 12, 14, 16, 17, 18, 21, 29, 32, 69, 70], "summary": {"covered_lines": 14, "num_statements": 14, "percent_covered": 100.0, "percent_covered_display": "100", "missing_lines": 0, "excluded_lines": 0, "percent_statements_covered": 100.0, "percent_statements_covered_display": "100"}, "missing_lines": [], "excluded_lines": [], "start_line": 1}}, "classes": {"RequestIdMiddleware": {"executed_lines": [30, 38, 39, 40, 42, 43, 44, 45, 48, 50, 52, 53, 54, 55, 59, 60, 61, 62, 64, 65, 67, 76, 77, 78, 79, 80, 81, 82], "summary": {"covered_lines": 28, "num_statements": 30, "percent_covered": 93.33333333333333, "percent_covered_display": "93", "missing_lines": 2, "excluded_lines": 0, "percent_statements_covered": 93.33333333333333, "percent_statements_covered_display": "93"}, "missing_lines": [56, 57], "excluded_lines": [], "start_line": 21}, "": {"executed_lines": [7, 9, 10, 11, 12, 14, 16, 17, 18, 21, 29, 32, 69, 70], "summary": {"covered_lines": 14, "num_statements": 14, "percent_covered": 100.0, "percent_covered_display": "100", "missing_lines": 0, "excluded_lines": 0, "percent_statements_covered": 100.0, "percent_statements_covered_display": "100"}, "missing_lines": [], "excluded_lines": [], "start_line": 1}}}, "acme_api/models/__init__.py": {"executed_lines": [16, 18, 19, 20, 21, 22, 23, 25], "summary": {"covered_lines": 8, "num_statements": 8, "percent_covered": 100.0, "percent_covered_display": "100", "missing_lines": 0, "excluded_lines": 0, "percent_statements_covered": 100.0, "percent_statements_covered_display": "100"}, "missing_lines": [], "excluded_lines": [], "functions": {"": {"executed_lines": [16, 18, 19, 20, 21, 22, 23, 25], "summary": {"covered_lines": 8, "num_statements": 8, "percent_covered": 100.0, "percent_covered_display": "100", "missing_lines": 0, "excluded_lines": 0, "percent_statements_covered": 100.0, "percent_statements_covered_display": "100"}, "missing_lines": [], "excluded_lines": [], "start_line": 1}}, "classes": {"": {"executed_lines": [16, 18, 19, 20, 21, 22, 23, 25], "summary": {"covered_lines": 8, "num_statements": 8, "percent_covered": 100.0, "percent_covered_display": "100", "missing_lines": 0, "excluded_lines": 0, "percent_statements_covered": 100.0, "percent_statements_covered_display": "100"}, "missing_lines": [], "excluded_lines": [], "start_line": 1}}}, "acme_api/models/api_key.py": {"executed_lines": [3, 5, 6, 7, 9, 10, 12, 15, 18, 19, 20, 23, 31, 34, 42, 49, 54, 61, 69, 76], "summary": {"covered_lines": 20, "num_statements": 20, "percent_covered": 100.0, "percent_covered_display": "100", "missing_lines": 0, "excluded_lines": 0, "percent_statements_covered": 100.0, "percent_statements_covered_display": "100"}, "missing_lines": [], "excluded_lines": [], "functions": {"": {"executed_lines": [3, 5, 6, 7, 9, 10, 12, 15, 18, 19, 20, 23, 31, 34, 42, 49, 54, 61, 69, 76], "summary": {"covered_lines": 20, "num_statements": 20, "percent_covered": 100.0, "percent_covered_display": "100", "missing_lines": 0, "excluded_lines": 0, "percent_statements_covered": 100.0, "percent_statements_covered_display": "100"}, "missing_lines": [], "excluded_lines": [], "start_line": 1}}, "classes": {"APIKeyRole": {"executed_lines": [], "summary": {"covered_lines": 0, "num_statements": 0, "percent_covered": 100.0, "percent_covered_display": "100", "missing_lines": 0, "excluded_lines": 0, "percent_statements_covered": 100.0, "percent_statements_covered_display": "100"}, "missing_lines": [], "excluded_lines": [], "start_line": 15}, "APIKey": {"executed_lines": [], "summary": {"covered_lines": 0, "num_statements": 0, "percent_covered": 100.0, "percent_covered_display": "100", "missing_lines": 0, "excluded_lines": 0, "percent_statements_covered": 100.0, "percent_statements_covered_display": "100"}, "missing_lines": [], "excluded_lines": [], "start_line": 23}, "": {"executed_lines": [3, 5, 6, 7, 9, 10, 12, 15, 18, 19, 20, 23, 31, 34, 42, 49, 54, 61, 69, 76], "summary": {"covered_lines": 20, "num_statements": 20, "percent_covered": 100.0, "percent_covered_display": "100", "missing_lines": 0, "excluded_lines": 0, "percent_statements_covered": 100.0, "percent_statements_covered_display": "100"}, "missing_lines": [], "excluded_lines": [], "start_line": 1}}}, "acme_api/models/base.py": {"executed_lines": [3, 5, 7, 8, 11, 19, 27, 33], "summary": {"covered_lines": 8, "num_statements": 8, "percent_covered": 100.0, "percent_covered_display": "100", "missing_lines": 0, "excluded_lines": 0, "percent_statements_covered": 100.0, "percent_statements_covered_display": "100"}, "missing_lines": [], "excluded_lines": [], "functions": {"": {"executed_lines": [3, 5, 7, 8, 11, 19, 27, 33], "summary": {"covered_lines": 8, "num_statements": 8, "percent_covered": 100.0, "percent_covered_display": "100", "missing_lines": 0, "excluded_lines": 0, "percent_statements_covered": 100.0, "percent_statements_covered_display": "100"}, "missing_lines": [], "excluded_lines": [], "start_line": 1}}, "classes": {"Base": {"executed_lines": [], "summary": {"covered_lines": 0, "num_statements": 0, "percent_covered": 100.0, "percent_covered_display": "100", "missing_lines": 0, "excluded_lines": 0, "percent_statements_covered": 100.0, "percent_statements_covered_display": "100"}, "missing_lines": [], "excluded_lines": [], "start_line": 11}, "TimestampMixin": {"executed_lines": [], "summary": {"covered_lines": 0, "num_statements": 0, "percent_covered": 100.0, "percent_covered_display": "100", "missing_lines": 0, "excluded_lines": 0, "percent_statements_covered": 100.0, "percent_statements_covered_display": "100"}, "missing_lines": [], "excluded_lines": [], "start_line": 19}, "": {"executed_lines": [3, 5, 7, 8, 11, 19, 27, 33], "summary": {"covered_lines": 8, "num_statements": 8, "percent_covered": 100.0, "percent_covered_display": "100", "missing_lines": 0, "excluded_lines": 0, "percent_statements_covered": 100.0, "percent_statements_covered_display": "100"}, "missing_lines": [], "excluded_lines": [], "start_line": 1}}}, "acme_api/models/certificate.py": {"executed_lines": [3, 5, 6, 7, 9, 10, 12, 15, 18, 19, 20, 21, 22, 23, 26, 37, 41, 49, 56, 64, 69, 77, 86, 91, 100, 106], "summary": {"covered_lines": 26, "num_statements": 26, "percent_covered": 100.0, "percent_covered_display": "100", "missing_lines": 0, "excluded_lines": 0, "percent_statements_covered": 100.0, "percent_statements_covered_display": "100"}, "missing_lines": [], "excluded_lines": [], "functions": {"": {"executed_lines": [3, 5, 6, 7, 9, 10, 12, 15, 18, 19, 20, 21, 22, 23, 26, 37, 41, 49, 56, 64, 69, 77, 86, 91, 100, 106], "summary": {"covered_lines": 26, "num_statements": 26, "percent_covered": 100.0, "percent_covered_display": "100", "missing_lines": 0, "excluded_lines": 0, "percent_statements_covered": 100.0, "percent_statements_covered_display": "100"}, "missing_lines": [], "excluded_lines": [], "start_line": 1}}, "classes": {"CertificateStatus": {"executed_lines": [], "summary": {"covered_lines": 0, "num_statements": 0, "percent_covered": 100.0, "percent_covered_display": "100", "missing_lines": 0, "excluded_lines": 0, "percent_statements_covered": 100.0, "percent_statements_covered_display": "100"}, "missing_lines": [], "excluded_lines": [], "start_line": 15}, "Certificate": {"executed_lines": [], "summary": {"covered_lines": 0, "num_statements": 0, "percent_covered": 100.0, "percent_covered_display": "100", "missing_lines": 0, "excluded_lines": 0, "percent_statements_covered": 100.0, "percent_statements_covered_display": "100"}, "missing_lines": [], "excluded_lines": [], "start_line": 26}, "": {"executed_lines": [3, 5, 6, 7, 9, 10, 12, 15, 18, 19, 20, 21, 22, 23, 26, 37, 41, 49, 56, 64, 69, 77, 86, 91, 100, 106], "summary": {"covered_lines": 26, "num_statements": 26, "percent_covered": 100.0, "percent_covered_display": "100", "missing_lines": 0, "excluded_lines": 0, "percent_statements_covered": 100.0, "percent_statements_covered_display": "100"}, "missing_lines": [], "excluded_lines": [], "start_line": 1}}}, "acme_api/models/event.py": {"executed_lines": [3, 5, 6, 8, 9, 11, 14, 22, 26, 34, 40, 49, 57, 66], "summary": {"covered_lines": 14, "num_statements": 14, "percent_covered": 100.0, "percent_covered_display": "100", "missing_lines": 0, "excluded_lines": 0, "percent_statements_covered": 100.0, "percent_statements_covered_display": "100"}, "missing_lines": [], "excluded_lines": [], "functions": {"": {"executed_lines": [3, 5, 6, 8, 9, 11, 14, 22, 26, 34, 40, 49, 57, 66], "summary": {"covered_lines": 14, "num_statements": 14, "percent_covered": 100.0, "percent_covered_display": "100", "missing_lines": 0, "excluded_lines": 0, "percent_statements_covered": 100.0, "percent_statements_covered_display": "100"}, "missing_lines": [], "excluded_lines": [], "start_line": 1}}, "classes": {"Event": {"executed_lines": [], "summary": {"covered_lines": 0, "num_statements": 0, "percent_covered": 100.0, "percent_covered_display": "100", "missing_lines": 0, "excluded_lines": 0, "percent_statements_covered": 100.0, "percent_statements_covered_display": "100"}, "missing_lines": [], "excluded_lines": [], "start_line": 14}, "": {"executed_lines": [3, 5, 6, 8, 9, 11, 14, 22, 26, 34, 40, 49, 57, 66], "summary": {"covered_lines": 14, "num_statements": 14, "percent_covered": 100.0, "percent_covered_display": "100", "missing_lines": 0, "excluded_lines": 0, "percent_statements_covered": 100.0, "percent_statements_covered_display": "100"}, "missing_lines": [], "excluded_lines": [], "start_line": 1}}}, "acme_api/models/renewal_attempt.py": {"executed_lines": [3, 5, 6, 8, 9, 11, 14, 21, 25, 33, 42, 48, 56, 61, 69, 77], "summary": {"covered_lines": 16, "num_statements": 16, "percent_covered": 100.0, "percent_covered_display": "100", "missing_lines": 0, "excluded_lines": 0, "percent_statements_covered": 100.0, "percent_statements_covered_display": "100"}, "missing_lines": [], "excluded_lines": [], "functions": {"": {"executed_lines": [3, 5, 6, 8, 9, 11, 14, 21, 25, 33, 42, 48, 56, 61, 69, 77], "summary": {"covered_lines": 16, "num_statements": 16, "percent_covered": 100.0, "percent_covered_display": "100", "missing_lines": 0, "excluded_lines": 0, "percent_statements_covered": 100.0, "percent_statements_covered_display": "100"}, "missing_lines": [], "excluded_lines": [], "start_line": 1}}, "classes": {"RenewalAttempt": {"executed_lines": [], "summary": {"covered_lines": 0, "num_statements": 0, "percent_covered": 100.0, "percent_covered_display": "100", "missing_lines": 0, "excluded_lines": 0, "percent_statements_covered": 100.0, "percent_statements_covered_display": "100"}, "missing_lines": [], "excluded_lines": [], "start_line": 14}, "": {"executed_lines": [3, 5, 6, 8, 9, 11, 14, 21, 25, 33, 42, 48, 56, 61, 69, 77], "summary": {"covered_lines": 16, "num_statements": 16, "percent_covered": 100.0, "percent_covered_display": "100", "missing_lines": 0, "excluded_lines": 0, "percent_statements_covered": 100.0, "percent_statements_covered_display": "100"}, "missing_lines": [], "excluded_lines": [], "start_line": 1}}}, "acme_api/models/webhook.py": {"executed_lines": [3, 5, 7, 8, 10, 13, 16, 18, 23, 28, 33, 38], "summary": {"covered_lines": 12, "num_statements": 12, "percent_covered": 100.0, "percent_covered_display": "100", "missing_lines": 0, "excluded_lines": 0, "percent_statements_covered": 100.0, "percent_statements_covered_display": "100"}, "missing_lines": [], "excluded_lines": [], "functions": {"": {"executed_lines": [3, 5, 7, 8, 10, 13, 16, 18, 23, 28, 33, 38], "summary": {"covered_lines": 12, "num_statements": 12, "percent_covered": 100.0, "percent_covered_display": "100", "missing_lines": 0, "excluded_lines": 0, "percent_statements_covered": 100.0, "percent_statements_covered_display": "100"}, "missing_lines": [], "excluded_lines": [], "start_line": 1}}, "classes": {"WebhookConfig": {"executed_lines": [], "summary": {"covered_lines": 0, "num_statements": 0, "percent_covered": 100.0, "percent_covered_display": "100", "missing_lines": 0, "excluded_lines": 0, "percent_statements_covered": 100.0, "percent_statements_covered_display": "100"}, "missing_lines": [], "excluded_lines": [], "start_line": 13}, "": {"executed_lines": [3, 5, 7, 8, 10, 13, 16, 18, 23, 28, 33, 38], "summary": {"covered_lines": 12, "num_statements": 12, "percent_covered": 100.0, "percent_covered_display": "100", "missing_lines": 0, "excluded_lines": 0, "percent_statements_covered": 100.0, "percent_statements_covered_display": "100"}, "missing_lines": [], "excluded_lines": [], "start_line": 1}}}, "acme_api/readiness.py": {"executed_lines": [3, 5, 6, 7, 8, 10, 11, 13, 16, 22, 26, 29, 32, 33, 34, 37, 40, 41, 42, 43, 44, 46, 47, 48], "summary": {"covered_lines": 24, "num_statements": 27, "percent_covered": 88.88888888888889, "percent_covered_display": "89", "missing_lines": 3, "excluded_lines": 0, "percent_statements_covered": 88.88888888888889, "percent_statements_covered_display": "89"}, "missing_lines": [35, 36, 45], "excluded_lines": [], "functions": {"readiness_status": {"executed_lines": [22, 26], "summary": {"covered_lines": 2, "num_statements": 2, "percent_covered": 100.0, "percent_covered_display": "100", "missing_lines": 0, "excluded_lines": 0, "percent_statements_covered": 100.0, "percent_statements_covered_display": "100"}, "missing_lines": [], "excluded_lines": [], "start_line": 16}, "_database_ready": {"executed_lines": [32, 33, 34, 37], "summary": {"covered_lines": 4, "num_statements": 6, "percent_covered": 66.66666666666667, "percent_covered_display": "67", "missing_lines": 2, "excluded_lines": 0, "percent_statements_covered": 66.66666666666667, "percent_statements_covered_display": "67"}, "missing_lines": [35, 36], "excluded_lines": [], "start_line": 29}, "_acme_binary_ready": {"executed_lines": [41, 42, 43, 44, 46, 47, 48], "summary": {"covered_lines": 7, "num_statements": 8, "percent_covered": 87.5, "percent_covered_display": "88", "missing_lines": 1, "excluded_lines": 0, "percent_statements_covered": 87.5, "percent_statements_covered_display": "88"}, "missing_lines": [45], "excluded_lines": [], "start_line": 40}, "": {"executed_lines": [3, 5, 6, 7, 8, 10, 11, 13, 16, 29, 40], "summary": {"covered_lines": 11, "num_statements": 11, "percent_covered": 100.0, "percent_covered_display": "100", "missing_lines": 0, "excluded_lines": 0, "percent_statements_covered": 100.0, "percent_statements_covered_display": "100"}, "missing_lines": [], "excluded_lines": [], "start_line": 1}}, "classes": {"": {"executed_lines": [3, 5, 6, 7, 8, 10, 11, 13, 16, 22, 26, 29, 32, 33, 34, 37, 40, 41, 42, 43, 44, 46, 47, 48], "summary": {"covered_lines": 24, "num_statements": 27, "percent_covered": 88.88888888888889, "percent_covered_display": "89", "missing_lines": 3, "excluded_lines": 0, "percent_statements_covered": 88.88888888888889, "percent_statements_covered_display": "89"}, "missing_lines": [35, 36, 45], "excluded_lines": [], "start_line": 1}}}, "acme_api/routers/__init__.py": {"executed_lines": [3, 5, 6, 7, 9], "summary": {"covered_lines": 5, "num_statements": 5, "percent_covered": 100.0, "percent_covered_display": "100", "missing_lines": 0, "excluded_lines": 0, "percent_statements_covered": 1
[...]
: [], "summary": {"covered_lines": 0, "num_statements": 0, "percent_covered": 100.0, "percent_covered_display": "100", "missing_lines": 0, "excluded_lines": 0, "percent_statements_covered": 100.0, "percent_statements_covered_display": "100"}, "missing_lines": [], "excluded_lines": [], "start_line": 1}}}, "acme_api/services/certificates.py": {"executed_lines": [3, 5, 6, 7, 8, 10, 11, 12, 14, 15, 16, 17, 18, 19, 20, 21, 22, 25, 29, 33, 37, 41, 44, 47, 51, 54, 57, 66, 67, 68, 69, 70, 72, 74, 75, 83, 84, 85, 90, 96, 97, 98, 99, 101, 103, 104, 105, 107, 110, 111, 113, 114, 115, 116, 126, 138, 139, 140, 142, 143, 144, 154, 155, 156, 157, 158, 160, 162, 163, 164, 167, 168, 174, 175, 177, 178, 180, 182, 183, 184, 186, 189, 195, 196, 197, 199, 205, 206, 215, 216, 217, 219, 226, 234, 240, 242, 243, 245, 246, 247, 248, 249, 251, 252, 253, 254, 258, 263, 269, 272, 273, 274, 278, 279, 281, 283], "summary": {"covered_lines": 116, "num_statements": 129, "percent_covered": 89.92248062015504, "percent_covered_display": "90", "missing_lines": 13, "excluded_lines": 0, "percent_statements_covered": 89.92248062015504, "percent_statements_covered_display": "90"}, "missing_lines": [86, 87, 88, 106, 108, 165, 185, 187, 241, 255, 275, 280, 282], "excluded_lines": [], "functions": {"RenewalSchedulerProtocol.schedule_certificate": {"executed_lines": [], "summary": {"covered_lines": 0, "num_statements": 0, "percent_covered": 100.0, "percent_covered_display": "100", "missing_lines": 0, "excluded_lines": 0, "percent_statements_covered": 100.0, "percent_statements_covered_display": "100"}, "missing_lines": [], "excluded_lines": [], "start_line": 44}, "RenewalSchedulerProtocol.remove_certificate": {"executed_lines": [], "summary": {"covered_lines": 0, "num_statements": 0, "percent_covered": 100.0, "percent_covered_display": "100", "missing_lines": 0, "excluded_lines": 0, "percent_statements_covered": 100.0, "percent_statements_covered_display": "100"}, "missing_lines": [], "excluded_lines": [], "start_line": 47}, "CertificateLifecycleService.__init__": {"executed_lines": [66, 67, 68, 69, 70], "summary": {"covered_lines": 5, "num_statements": 5, "percent_covered": 100.0, "percent_covered_display": "100", "missing_lines": 0, "excluded_lines": 0, "percent_statements_covered": 100.0, "percent_statements_covered_display": "100"}, "missing_lines": [], "excluded_lines": [], "start_line": 57}, "CertificateLifecycleService.create_certificate": {"executed_lines": [74, 75, 83, 84, 85, 90, 96, 97, 98, 99], "summary": {"covered_lines": 10, "num_statements": 13, "percent_covered": 76.92307692307692, "percent_covered_display": "77", "missing_lines": 3, "excluded_lines": 0, "percent_statements_covered": 76.92307692307692, "percent_statements_covered_display": "77"}, "missing_lines": [86, 87, 88], "excluded_lines": [], "start_line": 72}, "CertificateLifecycleService.issue_certificate": {"executed_lines": [103, 104, 105, 107, 110, 111, 113, 114, 115, 116, 126, 138, 139, 140, 142, 143, 144, 154, 155, 156, 157, 158], "summary": {"covered_lines": 22, "num_statements": 24, "percent_covered": 91.66666666666667, "percent_covered_display": "92", "missing_lines": 2, "excluded_lines": 0, "percent_statements_covered": 91.66666666666667, "percent_statements_covered_display": "92"}, "missing_lines": [106, 108], "excluded_lines": [], "start_line": 101}, "CertificateLifecycleService.revoke_certificate": {"executed_lines": [162, 163, 164, 167, 168, 174, 175, 177, 178], "summary": {"covered_lines": 9, "num_statements": 10, "percent_covered": 90.0, "percent_covered_display": "90", "missing_lines": 1, "excluded_lines": 0, "percent_statements_covered": 90.0, "percent_statements_covered_display": "90"}, "missing_lines": [165], "excluded_lines": [], "start_line": 160}, "CertificateLifecycleService.request_manual_renewal": {"executed_lines": [182, 183, 184, 186, 189, 195, 196, 197], "summary": {"covered_lines": 8, "num_statements": 10, "percent_covered": 80.0, "percent_covered_display": "80", "missing_lines": 2, "excluded_lines": 0, "percent_statements_covered": 80.0, "percent_statements_covered_display": "80"}, "missing_lines": [185, 187], "excluded_lines": [], "start_line": 180}, "CertificateLifecycleService._mark_failed": {"executed_lines": [205, 206, 215, 216, 217], "summary": {"covered_lines": 5, "num_statements": 5, "percent_covered": 100.0, "percent_covered_display": "100", "missing_lines": 0, "excluded_lines": 0, "percent_statements_covered": 100.0, "percent_statements_covered_display": "100"}, "missing_lines": [], "excluded_lines": [], "start_line": 199}, "CertificateLifecycleService._record_event": {"executed_lines": [226], "summary": {"covered_lines": 1, "num_statements": 1, "percent_covered": 100.0, "percent_covered_display": "100", "missing_lines": 0, "excluded_lines": 0, "percent_statements_covered": 100.0, "percent_statements_covered_display": "100"}, "missing_lines": [], "excluded_lines": [], "start_line": 219}, "CertificateLifecycleService._dispatch_webhook": {"executed_lines": [240, 242, 243], "summary": {"covered_lines": 3, "num_statements": 4, "percent_covered": 75.0, "percent_covered_display": "75", "missing_lines": 1, "excluded_lines": 0, "percent_statements_covered": 75.0, "percent_statements_covered_display": "75"}, "missing_lines": [241], "excluded_lines": [], "start_line": 234}, "CertificateLifecycleService._dns_provider": {"executed_lines": [246, 247, 248, 249], "summary": {"covered_lines": 4, "num_statements": 4, "percent_covered": 100.0, "percent_covered_display": "100", "missing_lines": 0, "excluded_lines": 0, "percent_statements_covered": 100.0, "percent_statements_covered_display": "100"}, "missing_lines": [], "excluded_lines": [], "start_line": 245}, "CertificateLifecycleService._acme_account": {"executed_lines": [252, 253, 254], "summary": {"covered_lines": 3, "num_statements": 4, "percent_covered": 75.0, "percent_covered_display": "75", "missing_lines": 1, "excluded_lines": 0, "percent_statements_covered": 75.0, "percent_statements_covered_display": "75"}, "missing_lines": [255], "excluded_lines": [], "start_line": 251}, "expiring_event_exists": {"executed_lines": [263, 269], "summary": {"covered_lines": 2, "num_statements": 2, "percent_covered": 100.0, "percent_covered_display": "100", "missing_lines": 0, "excluded_lines": 0, "percent_statements_covered": 100.0, "percent_statements_covered_display": "100"}, "missing_lines": [], "excluded_lines": [], "start_line": 258}, "_account_key_path": {"executed_lines": [273, 274], "summary": {"covered_lines": 2, "num_statements": 3, "percent_covered": 66.66666666666667, "percent_covered_display": "67", "missing_lines": 1, "excluded_lines": 0, "percent_statements_covered": 66.66666666666667, "percent_statements_covered_display": "67"}, "missing_lines": [275], "excluded_lines": [], "start_line": 272}, "_error_category": {"executed_lines": [279, 281, 283], "summary": {"covered_lines": 3, "num_statements": 5, "percent_covered": 60.0, "percent_covered_display": "60", "missing_lines": 2, "excluded_lines": 0, "percent_statements_covered": 60.0, "percent_statements_covered_display": "60"}, "missing_lines": [280, 282], "excluded_lines": [], "start_line": 278}, "": {"executed_lines": [3, 5, 6, 7, 8, 10, 11, 12, 14, 15, 16, 17, 18, 19, 20, 21, 22, 25, 29, 33, 37, 41, 44, 47, 51, 54, 57, 72, 101, 160, 180, 199, 219, 234, 245, 251, 258, 272, 278], "summary": {"covered_lines": 39, "num_statements": 39, "percent_covered": 100.0, "percent_covered_display": "100", "missing_lines": 0, "excluded_lines": 0, "percent_statements_covered": 100.0, "percent_statements_covered_display": "100"}, "missing_lines": [], "excluded_lines": [], "start_line": 1}}, "classes": {"CertificateLifecycleError": {"executed_lines": [], "summary": {"covered_lines": 0, "num_statements": 0, "percent_covered": 100.0, "percent_covered_display": "100", "missing_lines": 0, "excluded_lines": 0, "percent_statements_covered": 100.0, "percent_statements_covered_display": "100"}, "missing_lines": [], "excluded_lines": [], "start_line": 25}, "CertificateConflictError": {"executed_lines": [], "summary": {"covered_lines": 0, "num_statements": 0, "percent_covered": 100.0, "percent_covered_display": "100", "missing_lines": 0, "excluded_lines": 0, "percent_statements_covered": 100.0, "percent_statements_covered_display": "100"}, "missing_lines": [], "excluded_lines": [], "start_line": 29}, "CertificateNotFoundError": {"executed_lines": [], "summary": {"covered_lines": 0, "num_statements": 0, "percent_covered": 100.0, "percent_covered_display": "100", "missing_lines": 0, "excluded_lines": 0, "percent_statements_covered": 100.0, "percent_statements_covered_display": "100"}, "missing_lines": [], "excluded_lines": [], "start_line": 33}, "CertificateNotRenewableError": {"executed_lines": [], "summary": {"covered_lines": 0, "num_statements": 0, "percent_covered": 100.0, "percent_covered_display": "100", "missing_lines": 0, "excluded_lines": 0, "percent_statements_covered": 100.0, "percent_statements_covered_display": "100"}, "missing_lines": [], "excluded_lines": [], "start_line": 37}, "RenewalSchedulerProtocol": {"executed_lines": [], "summary": {"covered_lines": 0, "num_statements": 0, "percent_covered": 100.0, "percent_covered_display": "100", "missing_lines": 0, "excluded_lines": 0, "percent_statements_covered": 100.0, "percent_statements_covered_display": "100"}, "missing_lines": [], "excluded_lines": [], "start_line": 41}, "CertificateLifecycleService": {"executed_lines": [66, 67, 68, 69, 70, 74, 75, 83, 84, 85, 90, 96, 97, 98, 99, 103, 104, 105, 107, 110, 111, 113, 114, 115, 116, 126, 138, 139, 140, 142, 143, 144, 154, 155, 156, 157, 158, 162, 163, 164, 167, 168, 174, 175, 177, 178, 182, 183, 184, 186, 189, 195, 196, 197, 205, 206, 215, 216, 217, 226, 240, 242, 243, 246, 247, 248, 249, 252, 253, 254], "summary": {"covered_lines": 70, "num_statements": 80, "percent_covered": 87.5, "percent_covered_display": "88", "missing_lines": 10, "excluded_lines": 0, "percent_statements_covered": 87.5, "percent_statements_covered_display": "88"}, "missing_lines": [86, 87, 88, 106, 108, 165, 185, 187, 241, 255], "excluded_lines": [], "start_line": 54}, "": {"executed_lines": [3, 5, 6, 7, 8, 10, 11, 12, 14, 15, 16, 17, 18, 19, 20, 21, 22, 25, 29, 33, 37, 41, 44, 47, 51, 54, 57, 72, 101, 160, 180, 199, 219, 234, 245, 251, 258, 263, 269, 272, 273, 274, 278, 279, 281, 283], "summary": {"covered_lines": 46, "num_statements": 49, "percent_covered": 93.87755102040816, "percent_covered_display": "94", "missing_lines": 3, "excluded_lines": 0, "percent_statements_covered": 93.87755102040816, "percent_statements_covered_display": "94"}, "missing_lines": [275, 280, 282], "excluded_lines": [], "start_line": 1}}}, "acme_api/webhooks.py": {"executed_lines": [3, 5, 6, 7, 8, 9, 10, 11, 12, 13, 14, 15, 17, 18, 19, 21, 22, 23, 25, 26, 29, 30, 33, 34, 35, 38, 39, 42, 43, 44, 45, 46, 47, 49, 51, 52, 53, 54, 64, 68, 70, 71, 73, 76, 77, 80, 81, 82, 83, 84, 85, 86, 88, 89, 92, 102, 104, 112, 115, 117, 124, 126, 127, 130, 136, 146, 149, 155, 156, 157, 158, 160, 161, 162, 163, 165, 166, 167, 169, 176, 177, 179, 181, 182, 183, 184, 185, 186, 187, 188, 200, 201, 203, 205, 206, 208, 214, 217, 219, 220, 225, 226, 228, 229, 230, 231, 232, 233, 237, 240], "summary": {"covered_lines": 110, "num_statements": 122, "percent_covered": 90.1639344262295, "percent_covered_display": "90", "missing_lines": 12, "excluded_lines": 0, "percent_statements_covered": 90.1639344262295, "percent_statements_covered_display": "90"}, "missing_lines": [72, 74, 78, 94, 95, 96, 97, 99, 215, 234, 235, 238], "excluded_lines": [], "functions": {"WebhookPayload.to_dict": {"executed_lines": [51, 52, 53, 54], "summary": {"covered_lines": 4, "num_statements": 4, "percent_covered": 100.0, "percent_covered_display": "100", "missing_lines": 0, "excluded_lines": 0, "percent_statements_covered": 100.0, "percent_statements_covered_display": "100"}, "missing_lines": [], "excluded_lines": [], "start_line": 49}, "_validate_webhook_url": {"executed_lines": [70, 71, 73, 76, 77, 80, 81, 82, 83, 84, 85, 86, 88, 89], "summary": {"covered_lines": 14, "num_statements": 17, "percent_covered": 82.3529411764706, "percent_covered_display": "82", "missing_lines": 3, "excluded_lines": 0, "percent_statements_covered": 82.3529411764706, "percent_statements_covered_display": "82"}, "missing_lines": [72, 74, 78], "excluded_lines": [], "start_line": 68}, "_resolve_host_ips": {"executed_lines": [], "summary": {"covered_lines": 0, "num_statements": 5, "percent_covered": 0.0, "percent_covered_display": "0", "missing_lines": 5, "excluded_lines": 0, "percent_statements_covered": 0.0, "percent_statements_covered_display": "0"}, "missing_lines": [94, 95, 96, 97, 99], "excluded_lines": [], "start_line": 92}, "_is_unsafe_webhook_ip": {"executed_lines": [104, 112], "summary": {"covered_lines": 2, "num_statements": 2, "percent_covered": 100.0, "percent_covered_display": "100", "missing_lines": 0, "excluded_lines": 0, "percent_statements_covered": 100.0, "percent_statements_covered_display": "100"}, "missing_lines": [], "excluded_lines": [], "start_line": 102}, "encode_payload": {"executed_lines": [117], "summary": {"covered_lines": 1, "num_statements": 1, "percent_covered": 100.0, "percent_covered_display": "100", "missing_lines": 0, "excluded_lines": 0, "percent_statements_covered": 100.0, "percent_statements_covered_display": "100"}, "missing_lines": [], "excluded_lines": [], "start_line": 115}, "sign_payload": {"executed_lines": [126, 127], "summary": {"covered_lines": 2, "num_statements": 2, "percent_covered": 100.0, "percent_covered_display": "100", "missing_lines": 0, "excluded_lines": 0, "percent_statements_covered": 100.0, "percent_statements_covered_display": "100"}, "missing_lines": [], "excluded_lines": [], "start_line": 124}, "payload_for_certificate": {"executed_lines": [136], "summary": {"covered_lines": 1, "num_statements": 1, "percent_covered": 100.0, "percent_covered_display": "100", "missing_lines": 0, "excluded_lines": 0, "percent_statements_covered": 100.0, "percent_statements_covered_display": "100"}, "missing_lines": [], "excluded_lines": [], "start_line": 130}, "WebhookDispatcher.__init__": {"executed_lines": [155, 156, 157, 158], "summary": {"covered_lines": 4, "num_statements": 4, "percent_covered": 100.0, "percent_covered_display": "100", "missing_lines": 0, "excluded_lines": 0, "percent_statements_covered": 100.0, "percent_statements_covered_display": "100"}, "missing_lines": [], "excluded_lines": [], "start_line": 149}, "WebhookDispatcher.__aenter__": {"executed_lines": [161, 162, 163], "summary": {"covered_lines": 3, "num_statements": 3, "percent_covered": 100.0, "percent_covered_display": "100", "missing_lines": 0, "excluded_lines": 0, "percent_statements_covered": 100.0, "percent_statements_covered_display": "100"}, "missing_lines": [], "excluded_lines": [], "start_line": 160}, "WebhookDispatcher.__aexit__": {"executed_lines": [166, 167], "summary": {"covered_lines": 2, "num_statements": 2, "percent_covered": 100.0, "percent_covered_display": "100", "missing_lines": 0, "excluded_lines": 0, "percent_statements_covered": 100.0, "percent_statements_covered_display": "100"}, "missing_lines": [], "excluded_lines": [], "start_line": 165}, "WebhookDispatcher.dispatch_certificate_event": {"executed_lines": [176, 177], "summary": {"covered_lines": 2, "num_statements": 2, "percent_covered": 100.0, "percent_covered_display": "100", "missing_lines": 0, "excluded_lines": 0, "percent_statements_covered": 100.0, "percent_statements_covered_display": "100"}, "missing_lines": [], "excluded_lines": [], "start_line": 169}, "WebhookDispatcher.dispatch": {"executed_lines": [181, 182, 183, 184, 185, 186, 187, 188, 200, 201], "summary": {"covered_lines": 10, "num_statements": 10, "percent_covered": 100.0, "percent_covered_display": "100", "missing_lines": 0, "excluded_lines": 0, "percent_statements_covered": 100.0, "percent_statements_covered_display": "100"}, "missing_lines": [], "excluded_lines": [], "start_line": 179}, "WebhookDispatcher._matching_configs": {"executed_lines": [205, 206], "summary": {"covered_lines": 2, "num_statements": 2, "percent_covered": 100.0, "percent_covered_display": "100", "missing_lines": 0, "excluded_lines": 0, "percent_statements_covered": 100.0, "percent_statements_covered_display": "100"}, "missing_lines": [], "excluded_lines": [], "start_line": 203}, "WebhookDispatcher._deliver_to_config": {"executed_lines": [214, 217, 219, 220, 225, 226, 228, 229, 230, 231, 232, 233, 237, 240], "summary": {"covered_lines": 14, "num_statements": 18, "percent_covered": 77.77777777777777, "percent_covered_display": "78", "missing_lines": 4, "excluded_lines": 0, "percent_statements_covered": 77.77777777777777, "percent_statements_covered_display": "78"}, "missing_lines": [215, 234, 235, 238], "excluded_lines": [], "start_line": 208}, "": {"executed_lines": [3, 5, 6, 7, 8, 9, 10, 11, 12, 13, 14, 15, 17, 18, 19, 21, 22, 23, 25, 26, 29, 30, 33, 34, 35, 38, 39, 42, 43, 44, 45, 46, 47, 49, 64, 68, 92, 102, 115, 124, 130, 146, 149, 160, 165, 169, 179, 203, 208], "summary": {"covered_lines": 49, "num_statements": 49, "percent_covered": 100.0, "percent_covered_display": "100", "missing_lines": 0, "excluded_lines": 0, "percent_statements_covered": 100.0, "percent_statements_covered_display": "100"}, "missing_lines": [], "excluded_lines": [], "start_line": 1}}, "classes": {"WebhookDeliverySettings": {"executed_lines": [], "summary": {"covered_lines": 0, "num_statements": 0, "percent_covered": 100.0, "percent_covered_display": "100", "missing_lines": 0, "excluded_lines": 0, "percent_statements_covered": 100.0, "percent_statements_covered_display": "100"}, "missing_lines": [], "excluded_lines": [], "start_line": 30}, "WebhookPayload": {"executed_lines": [51, 52, 53, 54], "summary": {"covered_lines": 4, "num_statements": 4, "percent_covered": 100.0, "percent_covered_display": "100", "missing_lines": 0, "excluded_lines": 0, "percent_statements_covered": 100.0, "percent_statements_covered_display": "100"}, "missing_lines": [], "excluded_lines": [], "start_line": 39}, "WebhookDeliveryError": {"executed_lines": [], "summary": {"covered_lines": 0, "num_statements": 0, "percent_covered": 100.0, "percent_covered_display": "100", "missing_lines": 0, "excluded_lines": 0, "percent_statements_covered": 100.0, "percent_statements_covered_display": "100"}, "missing_lines": [], "excluded_lines": [], "start_line": 64}, "WebhookDispatcher": {"executed_lines": [155, 156, 157, 158, 161, 162, 163, 166, 167, 176, 177, 181, 182, 183, 184, 185, 186, 187, 188, 200, 201, 205, 206, 214, 217, 219, 220, 225, 226, 228, 229, 230, 231, 232, 233, 237, 240], "summary": {"covered_lines": 37, "num_statements": 41, "percent_covered": 90.2439024390244, "percent_covered_display": "90", "missing_lines": 4, "excluded_lines": 0, "percent_statements_covered": 90.2439024390244, "percent_statements_covered_display": "90"}, "missing_lines": [215, 234, 235, 238], "excluded_lines": [], "start_line": 146}, "": {"executed_lines": [3, 5, 6, 7, 8, 9, 10, 11, 12, 13, 14, 15, 17, 18, 19, 21, 22, 23, 25, 26, 29, 30, 33, 34, 35, 38, 39, 42, 43, 44, 45, 46, 47, 49, 64, 68, 70, 71, 73, 76, 77, 80, 81, 82, 83, 84, 85, 86, 88, 89, 92, 102, 104, 112, 115, 117, 124, 126, 127, 130, 136, 146, 149, 160, 165, 169, 179, 203, 208], "summary": {"covered_lines": 69, "num_statements": 77, "percent_covered": 89.6103896103896, "percent_covered_display": "90", "missing_lines": 8, "excluded_lines": 0, "percent_statements_covered": 89.6103896103896, "percent_statements_covered_display": "90"}, "missing_lines": [72, 74, 78, 94, 95, 96, 97, 99], "excluded_lines": [], "start_line": 1}}}}, "totals": {"covered_lines": 1433, "num_statements": 1531, "percent_covered": 93.59895493141737, "percent_covered_display": "94", "missing_lines": 98, "excluded_lines": 25, "percent_statements_covered": 93.59895493141737, "percent_statements_covered_display": "94"}}